{
  "stats": {
    "suites": 1,
    "tests": 2,
    "passes": 2,
    "pending": 0,
    "failures": 0,
    "start": "2022-07-19T08:57:11.318Z",
    "end": "2022-07-19T08:57:11.416Z",
    "duration": 98,
    "testsRegistered": 2,
    "passPercent": 100,
    "pendingPercent": 0,
    "other": 0,
    "hasOther": false,
    "skipped": 0,
    "hasSkipped": false
  },
  "results": [
    {
      "uuid": "176ccc23-abaa-4c1e-82b0-1a0480b0bd57",
      "title": "",
      "fullFile": "cypress/e2e/webdriver-uni/hooks.cy.js",
      "file": "cypress/e2e/webdriver-uni/hooks.cy.js",
      "beforeHooks": [],
      "afterHooks": [],
      "tests": [],
      "suites": [
        {
          "uuid": "bcb3e135-989d-43bd-8832-f8692a5c998e",
          "title": "Hooks",
          "fullFile": "",
          "file": "",
          "beforeHooks": [],
          "afterHooks": [],
          "tests": [
            {
              "title": "Test Example 1",
              "fullTitle": "Hooks Test Example 1",
              "timedOut": null,
              "duration": 72,
              "state": "passed",
              "speed": "fast",
              "pass": true,
              "fail": false,
              "pending": false,
              "context": null,
              "code": "cy.log(\"Example 1\");",
              "err": {},
              "uuid": "a1dd2ce2-56d7-4074-bdde-d126f86d3ec8",
              "parentUUID": "bcb3e135-989d-43bd-8832-f8692a5c998e",
              "isHook": false,
              "skipped": false
            },
            {
              "title": "Test Example 2",
              "fullTitle": "Hooks Test Example 2",
              "timedOut": null,
              "duration": 9,
              "state": "passed",
              "speed": "fast",
              "pass": true,
              "fail": false,
              "pending": false,
              "context": null,
              "code": "cy.log(\"Example 2\");",
              "err": {},
              "uuid": "1e677c3d-2759-494e-9487-c4d95425274e",
              "parentUUID": "bcb3e135-989d-43bd-8832-f8692a5c998e",
              "isHook": false,
              "skipped": false
            }
          ],
          "suites": [],
          "passes": [
            "a1dd2ce2-56d7-4074-bdde-d126f86d3ec8",
            "1e677c3d-2759-494e-9487-c4d95425274e"
          ],
          "failures": [],
          "pending": [],
          "skipped": [],
          "duration": 81,
          "root": false,
          "rootEmpty": false,
          "_timeout": 2000
        }
      ],
      "passes": [],
      "failures": [],
      "pending": [],
      "skipped": [],
      "duration": 0,
      "root": true,
      "rootEmpty": true,
      "_timeout": 2000
    }
  ],
  "meta": {
    "mocha": {
      "version": "7.0.1"
    },
    "mochawesome": {
      "options": {
        "quiet": false,
        "reportFilename": "mochawesome",
        "saveHtml": false,
        "saveJson": true,
        "consoleReporter": "spec",
        "useInlineDiffs": false,
        "code": true
      },
      "version": "7.1.3"
    },
    "marge": {
      "options": {
        "reportDir": "cypress/results",
        "overwrite": false,
        "html": false,
        "json": true
      },
      "version": "6.2.0"
    }
  }
}