{
  "stats": {
    "suites": 1,
    "tests": 1,
    "passes": 1,
    "pending": 0,
    "failures": 0,
    "start": "2022-07-19T08:56:01.440Z",
    "end": "2022-07-19T08:56:05.908Z",
    "duration": 4468,
    "testsRegistered": 1,
    "passPercent": 100,
    "pendingPercent": 0,
    "other": 0,
    "hasOther": false,
    "skipped": 0,
    "hasSkipped": false
  },
  "results": [
    {
      "uuid": "b895fd97-6360-4b16-bba4-d50bcd43ce54",
      "title": "",
      "fullFile": "cypress/e2e/store/contact_us.cy.js",
      "file": "cypress/e2e/store/contact_us.cy.js",
      "beforeHooks": [],
      "afterHooks": [],
      "tests": [],
      "suites": [
        {
          "uuid": "870bd280-b23b-432e-bec7-77603274588c",
          "title": "Test Contact Us form in Store",
          "fullFile": "",
          "file": "",
          "beforeHooks": [],
          "afterHooks": [],
          "tests": [
            {
              "title": "Should be able to submit a successful form",
              "fullTitle": "Test Contact Us form in Store Should be able to submit a successful form",
              "timedOut": null,
              "duration": 3403,
              "state": "passed",
              "speed": "fast",
              "pass": true,
              "fail": false,
              "pending": false,
              "context": null,
              "code": "cy.visit(\"https://automationteststore.com/\"); // cy.get(\n//   'a[href=\"https://automationteststore.com/index.php?rt=content/contact\"]'\n// ).click();\n// cy.get(\"#ContactUsFrm_first_name\").type(\"First Name\");\n// cy.get(\"#ContactUsFrm_email\").type(\"email@gmail.com\");\n// cy.get(\"#ContactUsFrm_enquiry\").type(\"commnet field\");\n// cy.get('[id=\"ContactUsFrm_first_name\"]').type(\"First Name1\");\n// cy.get('[ id=\"ContactUsFrm_email\"]').type(\"test123@gmail.com\");\n// cy.get('[id=\"ContactUsFrm_enquiry\"]').type(\"commend line\");\n// cy.get(\"button[title='Submit']\").click();\ncy.get(\"a[href$='contact']\").click().then(link => {\n  cy.log(`Link: ${link.text()}`);\n}); // $ - ends with\n// ^ - starts with\n// XPath selectors\n// cy.xpath(\"//a[contains(@href, 'contact')]\").click();\ncy.get(\"@user\").then(user => {\n  cy.xpath(\"//input[@id = 'ContactUsFrm_first_name']\").type(user.first_name);\n  cy.xpath(\"//input[@id = 'ContactUsFrm_email']\").type(user.email);\n});\ncy.xpath(\"//input[@id = 'ContactUsFrm_first_name']\").should(\"have.attr\", \"name\", \"first_name\");\ncy.xpath(\"//input[@id = 'ContactUsFrm_email']\").should(\"have.attr\", \"name\", \"email\");\ncy.xpath(\"//textarea[@id = 'ContactUsFrm_enquiry']\").type(\"Comment XPath\");\ncy.xpath(\"//button[@title = 'Submit']\").click();\ncy.url().should(\"include\", \"https://automationteststore.com/index.php?rt=content/contact/success\");\ncy.get(\".mb40 > :nth-child(3)\").should(\"have.text\", \"Your enquiry has been successfully sent to the store owner!\");",
              "err": {},
              "uuid": "e0db3ada-4039-4de7-8a95-d9ccb4cd09e7",
              "parentUUID": "870bd280-b23b-432e-bec7-77603274588c",
              "isHook": false,
              "skipped": false
            }
          ],
          "suites": [],
          "passes": [
            "e0db3ada-4039-4de7-8a95-d9ccb4cd09e7"
          ],
          "failures": [],
          "pending": [],
          "skipped": [],
          "duration": 3403,
          "root": false,
          "rootEmpty": false,
          "_timeout": 2000
        }
      ],
      "passes": [],
      "failures": [],
      "pending": [],
      "skipped": [],
      "duration": 0,
      "root": true,
      "rootEmpty": true,
      "_timeout": 2000
    }
  ],
  "meta": {
    "mocha": {
      "version": "7.0.1"
    },
    "mochawesome": {
      "options": {
        "quiet": false,
        "reportFilename": "mochawesome",
        "saveHtml": false,
        "saveJson": true,
        "consoleReporter": "spec",
        "useInlineDiffs": false,
        "code": true
      },
      "version": "7.1.3"
    },
    "marge": {
      "options": {
        "reportDir": "cypress/results",
        "overwrite": false,
        "html": false,
        "json": true
      },
      "version": "6.2.0"
    }
  }
}