{
  "stats": {
    "suites": 1,
    "tests": 3,
    "passes": 3,
    "pending": 0,
    "failures": 0,
    "start": "2022-07-19T08:56:13.593Z",
    "end": "2022-07-19T08:56:17.606Z",
    "duration": 4013,
    "testsRegistered": 3,
    "passPercent": 100,
    "pendingPercent": 0,
    "other": 0,
    "hasOther": false,
    "skipped": 0,
    "hasSkipped": false
  },
  "results": [
    {
      "uuid": "f8bf8ca2-9066-44f6-8f8c-924575fd56e3",
      "title": "",
      "fullFile": "cypress/e2e/store/iterate-over-elements_ORIG.cy.js",
      "file": "cypress/e2e/store/iterate-over-elements_ORIG.cy.js",
      "beforeHooks": [],
      "afterHooks": [],
      "tests": [],
      "suites": [
        {
          "uuid": "a6ec9aa1-0461-469c-8ca3-aed9cf2f40cd",
          "title": "Iterate over elements",
          "fullFile": "",
          "file": "",
          "beforeHooks": [],
          "afterHooks": [],
          "tests": [
            {
              "title": "Log information of all hair care products",
              "fullTitle": "Iterate over elements Log information of all hair care products",
              "timedOut": null,
              "duration": 1597,
              "state": "passed",
              "speed": "fast",
              "pass": true,
              "fail": false,
              "pending": false,
              "context": null,
              "code": "cy.get(\".fixed_wrapper .prdocutname\").each(($el, index, $list) => {\n  cy.log(\"Index: \" + index + \" : \" + $el.text());\n});",
              "err": {},
              "uuid": "2059e06b-1495-4961-bd89-89142bcdffe9",
              "parentUUID": "a6ec9aa1-0461-469c-8ca3-aed9cf2f40cd",
              "isHook": false,
              "skipped": false
            },
            {
              "title": "Add specific product to basket",
              "fullTitle": "Iterate over elements Add specific product to basket",
              "timedOut": null,
              "duration": 764,
              "state": "passed",
              "speed": "fast",
              "pass": true,
              "fail": false,
              "pending": false,
              "context": null,
              "code": "cy.selectProduct(\"Curls to straight Shampoo\");",
              "err": {},
              "uuid": "aa893ff5-db20-40ec-aa79-97f87e43494e",
              "parentUUID": "a6ec9aa1-0461-469c-8ca3-aed9cf2f40cd",
              "isHook": false,
              "skipped": false
            },
            {
              "title": "Add another specific product to basket",
              "fullTitle": "Iterate over elements Add another specific product to basket",
              "timedOut": null,
              "duration": 705,
              "state": "passed",
              "speed": "fast",
              "pass": true,
              "fail": false,
              "pending": false,
              "context": null,
              "code": "cy.selectProduct(\"Pantene Pro-V Conditioner, Classic Care\");",
              "err": {},
              "uuid": "c160bb32-0a16-4749-ace0-1603f59d213a",
              "parentUUID": "a6ec9aa1-0461-469c-8ca3-aed9cf2f40cd",
              "isHook": false,
              "skipped": false
            }
          ],
          "suites": [],
          "passes": [
            "2059e06b-1495-4961-bd89-89142bcdffe9",
            "aa893ff5-db20-40ec-aa79-97f87e43494e",
            "c160bb32-0a16-4749-ace0-1603f59d213a"
          ],
          "failures": [],
          "pending": [],
          "skipped": [],
          "duration": 3066,
          "root": false,
          "rootEmpty": false,
          "_timeout": 2000
        }
      ],
      "passes": [],
      "failures": [],
      "pending": [],
      "skipped": [],
      "duration": 0,
      "root": true,
      "rootEmpty": true,
      "_timeout": 2000
    }
  ],
  "meta": {
    "mocha": {
      "version": "7.0.1"
    },
    "mochawesome": {
      "options": {
        "quiet": false,
        "reportFilename": "mochawesome",
        "saveHtml": false,
        "saveJson": true,
        "consoleReporter": "spec",
        "useInlineDiffs": false,
        "code": true
      },
      "version": "7.1.3"
    },
    "marge": {
      "options": {
        "reportDir": "cypress/results",
        "overwrite": false,
        "html": false,
        "json": true
      },
      "version": "6.2.0"
    }
  }
}