{
  "stats": {
    "suites": 1,
    "tests": 1,
    "passes": 1,
    "pending": 0,
    "failures": 0,
    "start": "2022-07-19T08:56:24.793Z",
    "end": "2022-07-19T08:56:26.537Z",
    "duration": 1744,
    "testsRegistered": 1,
    "passPercent": 100,
    "pendingPercent": 0,
    "other": 0,
    "hasOther": false,
    "skipped": 0,
    "hasSkipped": false
  },
  "results": [
    {
      "uuid": "4feb2725-b284-4ba3-ab46-0799c9209fd0",
      "title": "",
      "fullFile": "cypress/e2e/webdriver-uni/auto-complete.cy.js",
      "file": "cypress/e2e/webdriver-uni/auto-complete.cy.js",
      "beforeHooks": [],
      "afterHooks": [],
      "tests": [],
      "suites": [
        {
          "uuid": "4ecbcb69-43a8-4d69-9e3c-71afa1586dbf",
          "title": "Auto-complete dropdown",
          "fullFile": "",
          "file": "",
          "beforeHooks": [],
          "afterHooks": [],
          "tests": [
            {
              "title": "Validate autocompletion with A symbol",
              "fullTitle": "Auto-complete dropdown Validate autocompletion with A symbol",
              "timedOut": null,
              "duration": 1676,
              "state": "passed",
              "speed": "fast",
              "pass": true,
              "fail": false,
              "pending": false,
              "context": null,
              "code": "cy.visit(\"https://webdriveruniversity.com\");\ncy.get(\"#autocomplete-textfield\").invoke(\"removeAttr\", \"target\").click();\ncy.get(\"#myInput\").type(\"A\");\ncy.get(\"#myInputautocomplete-list > *\").each(($el, index, $list) => {\n  const product = $el.text();\n  const productToSelect = \"Avacado\";\n  if (product === productToSelect) {\n    //   cy.wrap($el).click();\n    $el.trigger(\"click\");\n    cy.get(\"#submit-button\").click();\n    cy.url().should(\"include\", productToSelect);\n  }\n}).then(() => {\n  cy.get(\"#myInput\").type(\"G\");\n  cy.get(\"#myInputautocomplete-list > * \").each(($el, index, $list) => {\n    const product = $el.text();\n    const productToSelect = \"Garlic\";\n    if (product === productToSelect) {\n      cy.wrap($el).click();\n      cy.get(\"#submit-button\").click();\n      cy.url().should(\"include\", productToSelect);\n    }\n  });\n});",
              "err": {},
              "uuid": "26027941-8bbe-45c1-9e37-96338e6b4d28",
              "parentUUID": "4ecbcb69-43a8-4d69-9e3c-71afa1586dbf",
              "isHook": false,
              "skipped": false
            }
          ],
          "suites": [],
          "passes": [
            "26027941-8bbe-45c1-9e37-96338e6b4d28"
          ],
          "failures": [],
          "pending": [],
          "skipped": [],
          "duration": 1676,
          "root": false,
          "rootEmpty": false,
          "_timeout": 2000
        }
      ],
      "passes": [],
      "failures": [],
      "pending": [],
      "skipped": [],
      "duration": 0,
      "root": true,
      "rootEmpty": true,
      "_timeout": 2000
    }
  ],
  "meta": {
    "mocha": {
      "version": "7.0.1"
    },
    "mochawesome": {
      "options": {
        "quiet": false,
        "reportFilename": "mochawesome",
        "saveHtml": false,
        "saveJson": true,
        "consoleReporter": "spec",
        "useInlineDiffs": false,
        "code": true
      },
      "version": "7.1.3"
    },
    "marge": {
      "options": {
        "reportDir": "cypress/results",
        "overwrite": false,
        "html": false,
        "json": true
      },
      "version": "6.2.0"
    }
  }
}