{
  "stats": {
    "suites": 1,
    "tests": 2,
    "passes": 2,
    "pending": 0,
    "failures": 0,
    "start": "2022-07-19T08:56:08.213Z",
    "end": "2022-07-19T08:56:11.370Z",
    "duration": 3157,
    "testsRegistered": 2,
    "passPercent": 100,
    "pendingPercent": 0,
    "other": 0,
    "hasOther": false,
    "skipped": 0,
    "hasSkipped": false
  },
  "results": [
    {
      "uuid": "712b7ebd-8049-4bc8-936e-b4bf9ce95846",
      "title": "",
      "fullFile": "cypress/e2e/store/inspect_item.cy.js",
      "file": "cypress/e2e/store/inspect_item.cy.js",
      "beforeHooks": [],
      "afterHooks": [],
      "tests": [],
      "suites": [
        {
          "uuid": "ece27ea8-18ba-4fde-b84c-c46636638b0d",
          "title": "Inspect Items using chaining commands",
          "fullFile": "",
          "file": "",
          "beforeHooks": [],
          "afterHooks": [],
          "tests": [
            {
              "title": "Click on the first Item by using Name",
              "fullTitle": "Inspect Items using chaining commands Click on the first Item by using Name",
              "timedOut": null,
              "duration": 1706,
              "state": "passed",
              "speed": "fast",
              "pass": true,
              "fail": false,
              "pending": false,
              "context": null,
              "code": "cy.visit(\"https://automationteststore.com/\");\ncy.get(\".prdocutname\").contains(\"Skinsheen Bronzer Stick\").click().then(itemHeaderText => {\n  console.log(`Selected item: ${itemHeaderText.text()}`);\n}); // cy.xpath(\"//a[@title='Skinsheen Bronzer Stick']\").click();",
              "err": {},
              "uuid": "29ad1edc-ac3e-4846-8e49-3637bbb437b5",
              "parentUUID": "ece27ea8-18ba-4fde-b84c-c46636638b0d",
              "isHook": false,
              "skipped": false
            },
            {
              "title": "Click on the first Item by index",
              "fullTitle": "Inspect Items using chaining commands Click on the first Item by index",
              "timedOut": null,
              "duration": 516,
              "state": "passed",
              "speed": "fast",
              "pass": true,
              "fail": false,
              "pending": false,
              "context": null,
              "code": "cy.visit(\"https://automationteststore.com/\");\ncy.get(\".fixed_wrapper\").find(\".prdocutname\").eq(0).click();",
              "err": {},
              "uuid": "56ab51a6-bb23-480f-86c6-69116c367e42",
              "parentUUID": "ece27ea8-18ba-4fde-b84c-c46636638b0d",
              "isHook": false,
              "skipped": false
            }
          ],
          "suites": [],
          "passes": [
            "29ad1edc-ac3e-4846-8e49-3637bbb437b5",
            "56ab51a6-bb23-480f-86c6-69116c367e42"
          ],
          "failures": [],
          "pending": [],
          "skipped": [],
          "duration": 2222,
          "root": false,
          "rootEmpty": false,
          "_timeout": 2000
        }
      ],
      "passes": [],
      "failures": [],
      "pending": [],
      "skipped": [],
      "duration": 0,
      "root": true,
      "rootEmpty": true,
      "_timeout": 2000
    }
  ],
  "meta": {
    "mocha": {
      "version": "7.0.1"
    },
    "mochawesome": {
      "options": {
        "quiet": false,
        "reportFilename": "mochawesome",
        "saveHtml": false,
        "saveJson": true,
        "consoleReporter": "spec",
        "useInlineDiffs": false,
        "code": true
      },
      "version": "7.1.3"
    },
    "marge": {
      "options": {
        "reportDir": "cypress/results",
        "overwrite": false,
        "html": false,
        "json": true
      },
      "version": "6.2.0"
    }
  }
}