{
  "stats": {
    "suites": 1,
    "tests": 2,
    "passes": 2,
    "pending": 0,
    "failures": 0,
    "start": "2022-07-19T08:56:59.456Z",
    "end": "2022-07-19T08:57:00.408Z",
    "duration": 952,
    "testsRegistered": 2,
    "passPercent": 100,
    "pendingPercent": 0,
    "other": 0,
    "hasOther": false,
    "skipped": 0,
    "hasSkipped": false
  },
  "results": [
    {
      "uuid": "ed0124f7-3bb7-4bbe-96bf-d2034b94a4ad",
      "title": "",
      "fullFile": "cypress/e2e/webdriver-uni/handle-radio-buttons.cy.js",
      "file": "cypress/e2e/webdriver-uni/handle-radio-buttons.cy.js",
      "beforeHooks": [],
      "afterHooks": [],
      "tests": [],
      "suites": [
        {
          "uuid": "0fa24c30-83de-46e9-b901-8877fb788c10",
          "title": "Handle radioButtons",
          "fullFile": "",
          "file": "",
          "beforeHooks": [],
          "afterHooks": [],
          "tests": [
            {
              "title": "Handle radioButtons",
              "fullTitle": "Handle radioButtons Handle radioButtons",
              "timedOut": null,
              "duration": 919,
              "state": "passed",
              "speed": "fast",
              "pass": true,
              "fail": false,
              "pending": false,
              "context": null,
              "code": "cy.get(\"#radio-buttons\").find(\"[type='radio']\").last().check();\ncy.get(\"#radio-buttons\").find(\"[type='radio']\").eq(1).check();",
              "err": {},
              "uuid": "fee4e488-f30c-4fc9-912e-6a64ecf02a26",
              "parentUUID": "0fa24c30-83de-46e9-b901-8877fb788c10",
              "isHook": false,
              "skipped": false
            },
            {
              "title": "Handle state of radioButtons",
              "fullTitle": "Handle radioButtons Handle state of radioButtons",
              "timedOut": null,
              "duration": 22,
              "state": "passed",
              "speed": "fast",
              "pass": true,
              "fail": false,
              "pending": false,
              "context": null,
              "code": "//   cy.get(\"#radio-buttons-selected-disabled\").\ncy.get(\"[value = 'lettuce']\").should(\"not.be.checked\");\ncy.get(\"[value = 'cabbage']\").should(\"be.disabled\");\ncy.get(\"[value = 'pumpkin']\").should(\"be.checked\");",
              "err": {},
              "uuid": "9fd90ec3-bc32-4700-9933-c14132f976cc",
              "parentUUID": "0fa24c30-83de-46e9-b901-8877fb788c10",
              "isHook": false,
              "skipped": false
            }
          ],
          "suites": [],
          "passes": [
            "fee4e488-f30c-4fc9-912e-6a64ecf02a26",
            "9fd90ec3-bc32-4700-9933-c14132f976cc"
          ],
          "failures": [],
          "pending": [],
          "skipped": [],
          "duration": 941,
          "root": false,
          "rootEmpty": false,
          "_timeout": 2000
        }
      ],
      "passes": [],
      "failures": [],
      "pending": [],
      "skipped": [],
      "duration": 0,
      "root": true,
      "rootEmpty": true,
      "_timeout": 2000
    }
  ],
  "meta": {
    "mocha": {
      "version": "7.0.1"
    },
    "mochawesome": {
      "options": {
        "quiet": false,
        "reportFilename": "mochawesome",
        "saveHtml": false,
        "saveJson": true,
        "consoleReporter": "spec",
        "useInlineDiffs": false,
        "code": true
      },
      "version": "7.1.3"
    },
    "marge": {
      "options": {
        "reportDir": "cypress/results",
        "overwrite": false,
        "html": false,
        "json": true
      },
      "version": "6.2.0"
    }
  }
}