{
  "stats": {
    "suites": 1,
    "tests": 1,
    "passes": 1,
    "pending": 0,
    "failures": 0,
    "start": "2022-07-19T08:57:13.419Z",
    "end": "2022-07-19T08:57:15.110Z",
    "duration": 1691,
    "testsRegistered": 1,
    "passPercent": 100,
    "pendingPercent": 0,
    "other": 0,
    "hasOther": false,
    "skipped": 0,
    "hasSkipped": false
  },
  "results": [
    {
      "uuid": "0067478a-e769-458a-9864-0be17acf3a6b",
      "title": "",
      "fullFile": "cypress/e2e/webdriver-uni/mouse-actions.cy.js",
      "file": "cypress/e2e/webdriver-uni/mouse-actions.cy.js",
      "beforeHooks": [],
      "afterHooks": [],
      "tests": [],
      "suites": [
        {
          "uuid": "45195e73-c7bb-45cc-8f6d-137708796a08",
          "title": "Handle Mouse Actions",
          "fullFile": "",
          "file": "",
          "beforeHooks": [],
          "afterHooks": [],
          "tests": [
            {
              "title": "Mouse hold down test",
              "fullTitle": "Handle Mouse Actions Mouse hold down test",
              "timedOut": null,
              "duration": 1675,
              "state": "passed",
              "speed": "fast",
              "pass": true,
              "fail": false,
              "pending": false,
              "context": null,
              "code": "cy.visit(\"https://webdriveruniversity.com\");\ncy.get(\"#actions\").scrollIntoView().invoke(\"removeAttr\", \"target\").click();\ncy.get(\"#click-box\").should(\"have.css\", \"background-color\", \"rgb(0, 0, 0)\");\ncy.get(\"#click-box\").should(\"contain.text\", \"Click and Hold!\");\ncy.get(\"#click-box\").trigger(\"mousedown\").should(\"have.css\", \"background-color\", \"rgb(0, 255, 0)\").should(\"contain.text\", \"Well done! keep holding that click now.....\");\ncy.get(\"#click-box\").trigger(\"mouseup\").should(\"have.css\", \"background-color\", \"rgb(255, 99, 71)\").should(\"contain.text\", \"Dont release me!!!\");\ncy.get(\"#click-box\").trigger(\"mousedown\").should(\"have.css\", \"background-color\", \"rgb(0, 255, 0)\").should(\"contain.text\", \"Well done! keep holding that click now.....\");\ncy.get(\"#click-box\").trigger(\"mouseup\").then($el => {\n  expect($el).to.have.css(\"background-color\", \"rgb(255, 99, 71)\");\n  expect($el).to.have.text(\"Dont release me!!!\");\n}); //   .should(\"have.css\", \"background-color\", \"rgb(255, 99, 71)\")\n//   .should(\"contain.text\", \"Dont release me!!!\");",
              "err": {},
              "uuid": "bd2c1285-8638-4d4f-84d9-fbcaf41438e5",
              "parentUUID": "45195e73-c7bb-45cc-8f6d-137708796a08",
              "isHook": false,
              "skipped": false
            }
          ],
          "suites": [],
          "passes": [
            "bd2c1285-8638-4d4f-84d9-fbcaf41438e5"
          ],
          "failures": [],
          "pending": [],
          "skipped": [],
          "duration": 1675,
          "root": false,
          "rootEmpty": false,
          "_timeout": 2000
        }
      ],
      "passes": [],
      "failures": [],
      "pending": [],
      "skipped": [],
      "duration": 0,
      "root": true,
      "rootEmpty": true,
      "_timeout": 2000
    }
  ],
  "meta": {
    "mocha": {
      "version": "7.0.1"
    },
    "mochawesome": {
      "options": {
        "quiet": false,
        "reportFilename": "mochawesome",
        "saveHtml": false,
        "saveJson": true,
        "consoleReporter": "spec",
        "useInlineDiffs": false,
        "code": true
      },
      "version": "7.1.3"
    },
    "marge": {
      "options": {
        "reportDir": "cypress/results",
        "overwrite": false,
        "html": false,
        "json": true
      },
      "version": "6.2.0"
    }
  }
}