{
  "stats": {
    "suites": 1,
    "tests": 4,
    "passes": 3,
    "pending": 0,
    "failures": 1,
    "start": "2022-07-19T08:56:44.110Z",
    "end": "2022-07-19T08:56:46.133Z",
    "duration": 2023,
    "testsRegistered": 4,
    "passPercent": 75,
    "pendingPercent": 0,
    "other": 0,
    "hasOther": false,
    "skipped": 0,
    "hasSkipped": false
  },
  "results": [
    {
      "uuid": "1464a70e-a707-4665-9929-54f6eae1c204",
      "title": "",
      "fullFile": "cypress/e2e/webdriver-uni/handle-allerts.cy.js",
      "file": "cypress/e2e/webdriver-uni/handle-allerts.cy.js",
      "beforeHooks": [],
      "afterHooks": [],
      "tests": [],
      "suites": [
        {
          "uuid": "f5adb192-7d05-431f-83c7-7852905aa519",
          "title": "Handle Browser alerts",
          "fullFile": "",
          "file": "",
          "beforeHooks": [],
          "afterHooks": [],
          "tests": [
            {
              "title": "Handle JS alerts and validate text",
              "fullTitle": "Handle Browser alerts Handle JS alerts and validate text",
              "timedOut": null,
              "duration": 897,
              "state": "failed",
              "speed": null,
              "pass": false,
              "fail": true,
              "pending": false,
              "context": null,
              "code": "cy.visit(\"https://webdriveruniversity.com\");\ncy.get(\"#popup-alerts\").invoke(\"removeAttr\", \"target\").click();\ncy.get(\"#button1\").click();\ncy.on(\"window:alert\", str => {\n  expect(str).to.eq(\"I am an alert box1!\");\n});",
              "err": {
                "message": "AssertionError: The following error originated from your application code, not from Cypress.\n\n  > expected 'I am an alert box!' to equal 'I am an alert box1!'\n\nWhen Cypress detects uncaught errors originating from your application it will automatically fail the current test.\n\nThis behavior is configurable, and you can choose to turn this off by listening to the `uncaught:exception` event.\n\nhttps://on.cypress.io/uncaught-exception-from-application",
                "estack": "AssertionError: The following error originated from your application code, not from Cypress.\n\n  > expected 'I am an alert box!' to equal 'I am an alert box1!'\n\nWhen Cypress detects uncaught errors originating from your application it will automatically fail the current test.\n\nThis behavior is configurable, and you can choose to turn this off by listening to the `uncaught:exception` event.\n\nhttps://on.cypress.io/uncaught-exception-from-application\n    at $Cy.eval (https://webdriveruniversity.com/__cypress/tests?p=cypress/e2e/webdriver-uni/handle-allerts.cy.js:106:22)",
                "diff": "- '\\'I am an alert box!\\''\n+ '\\'I am an alert box1!\\''\n"
              },
              "uuid": "d3fafdc9-c5c4-49b2-8bca-6642ab007449",
              "parentUUID": "f5adb192-7d05-431f-83c7-7852905aa519",
              "isHook": false,
              "skipped": false
            },
            {
              "title": "Handle JS alert with confirmation",
              "fullTitle": "Handle Browser alerts Handle JS alert with confirmation",
              "timedOut": null,
              "duration": 331,
              "state": "passed",
              "speed": "fast",
              "pass": true,
              "fail": false,
              "pending": false,
              "context": null,
              "code": "cy.visit(\"https://webdriveruniversity.com\");\ncy.get(\"#popup-alerts\").invoke(\"removeAttr\", \"target\").click();\ncy.get(\"#button4\").click();\ncy.on(\"window:confirm\", str => {\n  return true;\n});\ncy.get(\"#confirm-alert-text\").contains(\"You pressed OK!\");",
              "err": {},
              "uuid": "116fd80a-1da5-4fb2-a365-bba927aeb7c3",
              "parentUUID": "f5adb192-7d05-431f-83c7-7852905aa519",
              "isHook": false,
              "skipped": false
            },
            {
              "title": "Handle JS alert with declining",
              "fullTitle": "Handle Browser alerts Handle JS alert with declining",
              "timedOut": null,
              "duration": 423,
              "state": "passed",
              "speed": "fast",
              "pass": true,
              "fail": false,
              "pending": false,
              "context": null,
              "code": "cy.visit(\"https://webdriveruniversity.com\");\ncy.get(\"#popup-alerts\").invoke(\"removeAttr\", \"target\").click();\ncy.get(\"#button4\").click();\ncy.on(\"window:confirm\", () => {\n  return false;\n});\ncy.get(\"#confirm-alert-text\").contains(\"You pressed Cancel!\");",
              "err": {},
              "uuid": "349f6934-f215-428c-93d3-db49d3ba306a",
              "parentUUID": "f5adb192-7d05-431f-83c7-7852905aa519",
              "isHook": false,
              "skipped": false
            },
            {
              "title": "Handle JS alert with stubs()",
              "fullTitle": "Handle Browser alerts Handle JS alert with stubs()",
              "timedOut": null,
              "duration": 345,
              "state": "passed",
              "speed": "fast",
              "pass": true,
              "fail": false,
              "pending": false,
              "context": null,
              "code": "cy.visit(\"https://webdriveruniversity.com\");\ncy.get(\"#popup-alerts\").invoke(\"removeAttr\", \"target\").click();\nconst stub = cy.stub();\ncy.on(\"window:confirm\", stub);\ncy.get(\"#button4\").click().then(() => {\n  expect(stub.getCall(0)).to.be.calledWith(\"Press a button!\");\n}).then(() => {\n  return true;\n}).then(() => {\n  cy.get(\"#confirm-alert-text\").contains(\"You pressed OK!\");\n});",
              "err": {},
              "uuid": "0038d302-7f12-4d32-a237-f09c119d7680",
              "parentUUID": "f5adb192-7d05-431f-83c7-7852905aa519",
              "isHook": false,
              "skipped": false
            }
          ],
          "suites": [],
          "passes": [
            "116fd80a-1da5-4fb2-a365-bba927aeb7c3",
            "349f6934-f215-428c-93d3-db49d3ba306a",
            "0038d302-7f12-4d32-a237-f09c119d7680"
          ],
          "failures": [
            "d3fafdc9-c5c4-49b2-8bca-6642ab007449"
          ],
          "pending": [],
          "skipped": [],
          "duration": 1996,
          "root": false,
          "rootEmpty": false,
          "_timeout": 2000
        }
      ],
      "passes": [],
      "failures": [],
      "pending": [],
      "skipped": [],
      "duration": 0,
      "root": true,
      "rootEmpty": true,
      "_timeout": 2000
    }
  ],
  "meta": {
    "mocha": {
      "version": "7.0.1"
    },
    "mochawesome": {
      "options": {
        "quiet": false,
        "reportFilename": "mochawesome",
        "saveHtml": false,
        "saveJson": true,
        "consoleReporter": "spec",
        "useInlineDiffs": false,
        "code": true
      },
      "version": "7.1.3"
    },
    "marge": {
      "options": {
        "reportDir": "cypress/results",
        "overwrite": false,
        "html": false,
        "json": true
      },
      "version": "6.2.0"
    }
  }
}