{
  "stats": {
    "suites": 1,
    "tests": 2,
    "passes": 2,
    "pending": 0,
    "failures": 0,
    "start": "2022-07-19T08:56:33.624Z",
    "end": "2022-07-19T08:56:37.902Z",
    "duration": 4278,
    "testsRegistered": 2,
    "passPercent": 100,
    "pendingPercent": 0,
    "other": 0,
    "hasOther": false,
    "skipped": 0,
    "hasSkipped": false
  },
  "results": [
    {
      "uuid": "1ed5ba31-bc64-4570-a4db-d1277f8c7b4f",
      "title": "",
      "fullFile": "cypress/e2e/webdriver-uni/contact-us.cy.js",
      "file": "cypress/e2e/webdriver-uni/contact-us.cy.js",
      "beforeHooks": [],
      "afterHooks": [],
      "tests": [],
      "suites": [
        {
          "uuid": "63d19ba3-2fc5-4ad9-b886-e0b795556a7e",
          "title": "Test Contact Us form via WebDriverIni",
          "fullFile": "",
          "file": "",
          "beforeHooks": [],
          "afterHooks": [],
          "tests": [
            {
              "title": "Empty Email field",
              "fullTitle": "Test Contact Us form via WebDriverIni Empty Email field",
              "timedOut": null,
              "duration": 1478,
              "state": "passed",
              "speed": "fast",
              "pass": true,
              "fail": false,
              "pending": false,
              "context": null,
              "code": "cy.fixture(\"userDetailsNoEmail\").as(\"emptyEmailUserData\");\ncy.get(\"@emptyEmailUserData\").then(data => {\n  contactPage.submit_Contact_Us_form(data, \"body\", \"\\n\\n\\n Error: all fields are required\\n Error: Invalid email address\\n\\n\\n\"); // cy.screenshot(); - make screenshot\n  // cy.fillDatatoContactUsForm(\n  //   data,\n  //   \"body\",\n  //   \"\\n\\n\\n Error: all fields are required\\n Error: Invalid email address\\n\\n\\n\"\n  // );\n});",
              "err": {},
              "uuid": "84cc1bda-51aa-407d-96bc-33615d642212",
              "parentUUID": "63d19ba3-2fc5-4ad9-b886-e0b795556a7e",
              "isHook": false,
              "skipped": false
            },
            {
              "title": "Successful submition",
              "fullTitle": "Test Contact Us form via WebDriverIni Successful submition",
              "timedOut": null,
              "duration": 1891,
              "state": "passed",
              "speed": "fast",
              "pass": true,
              "fail": false,
              "pending": false,
              "context": null,
              "code": "cy.fixture(\"example\").as(\"data\");\ncy.get(\"@data\").then(data => {\n  contactPage.submit_Contact_Us_form(data, \"h1\", \"Thank You for your Message!\"); // cy.fillDatatoContactUsForm(data, \"h1\", \"Thank You for your Message!\");\n});",
              "err": {},
              "uuid": "3a1d2e41-6a43-4310-9c7d-671f0d1a2002",
              "parentUUID": "63d19ba3-2fc5-4ad9-b886-e0b795556a7e",
              "isHook": false,
              "skipped": false
            }
          ],
          "suites": [],
          "passes": [
            "84cc1bda-51aa-407d-96bc-33615d642212",
            "3a1d2e41-6a43-4310-9c7d-671f0d1a2002"
          ],
          "failures": [],
          "pending": [],
          "skipped": [],
          "duration": 3369,
          "root": false,
          "rootEmpty": false,
          "_timeout": 2000
        }
      ],
      "passes": [],
      "failures": [],
      "pending": [],
      "skipped": [],
      "duration": 0,
      "root": true,
      "rootEmpty": true,
      "_timeout": 2000
    }
  ],
  "meta": {
    "mocha": {
      "version": "7.0.1"
    },
    "mochawesome": {
      "options": {
        "quiet": false,
        "reportFilename": "mochawesome",
        "saveHtml": false,
        "saveJson": true,
        "consoleReporter": "spec",
        "useInlineDiffs": false,
        "code": true
      },
      "version": "7.1.3"
    },
    "marge": {
      "options": {
        "reportDir": "cypress/results",
        "overwrite": false,
        "html": false,
        "json": true
      },
      "version": "6.2.0"
    }
  }
}