{
  "stats": {
    "suites": 1,
    "tests": 1,
    "passes": 1,
    "pending": 0,
    "failures": 0,
    "start": "2022-07-19T08:55:56.149Z",
    "end": "2022-07-19T08:55:59.208Z",
    "duration": 3059,
    "testsRegistered": 1,
    "passPercent": 100,
    "pendingPercent": 0,
    "other": 0,
    "hasOther": false,
    "skipped": 0,
    "hasSkipped": false
  },
  "results": [
    {
      "uuid": "344f3b6d-7b78-4f25-a6db-46216a0e898c",
      "title": "",
      "fullFile": "cypress/e2e/store/add_multiple-item-to-bascket.cy.js",
      "file": "cypress/e2e/store/add_multiple-item-to-bascket.cy.js",
      "beforeHooks": [],
      "afterHooks": [],
      "tests": [],
      "suites": [
        {
          "uuid": "6ff13d8f-5ac2-4deb-ba12-af45c32b665c",
          "title": "Add multiple items to basket",
          "fullFile": "",
          "file": "",
          "beforeHooks": [],
          "afterHooks": [],
          "tests": [
            {
              "title": "Add specific items to basket",
              "fullTitle": "Add multiple items to basket Add specific items to basket",
              "timedOut": null,
              "duration": 2051,
              "state": "passed",
              "speed": "fast",
              "pass": true,
              "fail": false,
              "pending": false,
              "context": null,
              "code": "globalThis.data.productName.forEach(function (element) {\n  cy.addProductToCart(element);\n});\ncy.get(\".dropdown-toggle > .fa\").click();",
              "err": {},
              "uuid": "adabecfb-f036-44c2-9f80-d1dc874202a9",
              "parentUUID": "6ff13d8f-5ac2-4deb-ba12-af45c32b665c",
              "isHook": false,
              "skipped": false
            }
          ],
          "suites": [],
          "passes": [
            "adabecfb-f036-44c2-9f80-d1dc874202a9"
          ],
          "failures": [],
          "pending": [],
          "skipped": [],
          "duration": 2051,
          "root": false,
          "rootEmpty": false,
          "_timeout": 2000
        }
      ],
      "passes": [],
      "failures": [],
      "pending": [],
      "skipped": [],
      "duration": 0,
      "root": true,
      "rootEmpty": true,
      "_timeout": 2000
    }
  ],
  "meta": {
    "mocha": {
      "version": "7.0.1"
    },
    "mochawesome": {
      "options": {
        "quiet": false,
        "reportFilename": "mochawesome",
        "saveHtml": false,
        "saveJson": true,
        "consoleReporter": "spec",
        "useInlineDiffs": false,
        "code": true
      },
      "version": "7.1.3"
    },
    "marge": {
      "options": {
        "reportDir": "cypress/results",
        "overwrite": false,
        "html": false,
        "json": true
      },
      "version": "6.2.0"
    }
  }
}