{
  "stats": {
    "suites": 1,
    "tests": 2,
    "passes": 1,
    "pending": 0,
    "failures": 1,
    "start": "2022-07-19T08:55:50.559Z",
    "end": "2022-07-19T08:55:53.839Z",
    "duration": 3280,
    "testsRegistered": 2,
    "passPercent": 50,
    "pendingPercent": 0,
    "other": 0,
    "hasOther": false,
    "skipped": 0,
    "hasSkipped": false
  },
  "results": [
    {
      "uuid": "e1f3c393-6971-426b-a339-123de15715b2",
      "title": "",
      "fullFile": "cypress/e2e/other/same-origin-policy.cy.js",
      "file": "cypress/e2e/other/same-origin-policy.cy.js",
      "beforeHooks": [],
      "afterHooks": [],
      "tests": [],
      "suites": [
        {
          "uuid": "b0bcad01-1cac-47ff-8505-cd77a7f2e077",
          "title": "Cypress web-security",
          "fullFile": "",
          "file": "",
          "beforeHooks": [],
          "afterHooks": [],
          "tests": [
            {
              "title": "Validate visiting two different super domains",
              "fullTitle": "Cypress web-security Validate visiting two different super domains",
              "timedOut": null,
              "duration": 1556,
              "state": "failed",
              "speed": null,
              "pass": false,
              "fail": true,
              "pending": false,
              "context": null,
              "code": "cy.visit(\"https://webdriveruniversity.com/\");\ncy.visit(\"https://automationteststore.com/\");",
              "err": {
                "message": "CypressError: `cy.visit()` failed because you are attempting to visit a URL that is of a different origin.\n\nIn order to visit a different origin, you can enable the `experimentalSessionAndOrigin` flag and use `cy.origin()`:\n\n`cy.visit('https://webdriveruniversity.com/')`\n`<commands targeting https://webdriveruniversity.com go here>`\n\n`cy.origin('https://automationteststore.com', () => {`\n`  cy.visit('https://automationteststore.com/')`\n`  <commands targeting https://automationteststore.com go here>`\n`})`\n\nThe new URL is considered a different origin because the following parts of the URL are different:\n\n  > superdomain\n\nYou may only `cy.visit()` same-origin URLs within a single test.\n\nThe previous URL you visited was:\n\n  > 'https://webdriveruniversity.com'\n\nYou're attempting to visit this URL:\n\n  > 'https://automationteststore.com'\n\nhttps://on.cypress.io/cannot-visit-different-origin-domain",
                "estack": "CypressError: `cy.visit()` failed because you are attempting to visit a URL that is of a different origin.\n\nIn order to visit a different origin, you can enable the `experimentalSessionAndOrigin` flag and use `cy.origin()`:\n\n`cy.visit('https://webdriveruniversity.com/')`\n`<commands targeting https://webdriveruniversity.com go here>`\n\n`cy.origin('https://automationteststore.com', () => {`\n`  cy.visit('https://automationteststore.com/')`\n`  <commands targeting https://automationteststore.com go here>`\n`})`\n\nThe new URL is considered a different origin because the following parts of the URL are different:\n\n  > superdomain\n\nYou may only `cy.visit()` same-origin URLs within a single test.\n\nThe previous URL you visited was:\n\n  > 'https://webdriveruniversity.com'\n\nYou're attempting to visit this URL:\n\n  > 'https://automationteststore.com'\n\nhttps://on.cypress.io/cannot-visit-different-origin-domain\n    at cannotVisitDifferentOrigin (https://webdriveruniversity.com/__cypress/runner/cypress_runner.js:155531:72)\n    at https://webdriveruniversity.com/__cypress/runner/cypress_runner.js:156549:20\n    at tryCatcher (https://webdriveruniversity.com/__cypress/runner/cypress_runner.js:13012:23)\n    at Promise._settlePromiseFromHandler (https://webdriveruniversity.com/__cypress/runner/cypress_runner.js:10947:31)\n    at Promise._settlePromise (https://webdriveruniversity.com/__cypress/runner/cypress_runner.js:11004:18)\n    at Promise._settlePromise0 (https://webdriveruniversity.com/__cypress/runner/cypress_runner.js:11049:10)\n    at Promise._settlePromises (https://webdriveruniversity.com/__cypress/runner/cypress_runner.js:11129:18)\n    at _drainQueueStep (https://webdriveruniversity.com/__cypress/runner/cypress_runner.js:7719:12)\n    at _drainQueue (https://webdriveruniversity.com/__cypress/runner/cypress_runner.js:7712:9)\n    at Async.../../node_modules/bluebird/js/release/async.js.Async._drainQueues (https://webdriveruniversity.com/__cypress/runner/cypress_runner.js:7728:5)\n    at Async.drainQueues (https://webdriveruniversity.com/__cypress/runner/cypress_runner.js:7598:14)\nFrom Your Spec Code:\n    at Context.eval (https://webdriveruniversity.com/__cypress/tests?p=cypress/e2e/other/same-origin-policy.cy.js:103:8)",
                "diff": null
              },
              "uuid": "c3d11846-1bf5-4b96-8f8f-6e81b362a5f6",
              "parentUUID": "b0bcad01-1cac-47ff-8505-cd77a7f2e077",
              "isHook": false,
              "skipped": false
            },
            {
              "title": "Validate sub-domain visit",
              "fullTitle": "Cypress web-security Validate sub-domain visit",
              "timedOut": null,
              "duration": 1683,
              "state": "passed",
              "speed": "fast",
              "pass": true,
              "fail": false,
              "pending": false,
              "context": null,
              "code": "cy.visit(\"https://webdriveruniversity.com\");\ncy.get(\"#automation-test-store\").invoke(\"removeAttr\", \"target\").click();",
              "err": {},
              "uuid": "98d38758-c858-4ea4-b57d-7d9df82b9502",
              "parentUUID": "b0bcad01-1cac-47ff-8505-cd77a7f2e077",
              "isHook": false,
              "skipped": false
            }
          ],
          "suites": [],
          "passes": [
            "98d38758-c858-4ea4-b57d-7d9df82b9502"
          ],
          "failures": [
            "c3d11846-1bf5-4b96-8f8f-6e81b362a5f6"
          ],
          "pending": [],
          "skipped": [],
          "duration": 3239,
          "root": false,
          "rootEmpty": false,
          "_timeout": 2000
        }
      ],
      "passes": [],
      "failures": [],
      "pending": [],
      "skipped": [],
      "duration": 0,
      "root": true,
      "rootEmpty": true,
      "_timeout": 2000
    }
  ],
  "meta": {
    "mocha": {
      "version": "7.0.1"
    },
    "mochawesome": {
      "options": {
        "quiet": false,
        "reportFilename": "mochawesome",
        "saveHtml": false,
        "saveJson": true,
        "consoleReporter": "spec",
        "useInlineDiffs": false,
        "code": true
      },
      "version": "7.1.3"
    },
    "marge": {
      "options": {
        "reportDir": "cypress/results",
        "overwrite": false,
        "html": false,
        "json": true
      },
      "version": "6.2.0"
    }
  }
}