{
  "stats": {
    "suites": 1,
    "tests": 2,
    "passes": 2,
    "pending": 0,
    "failures": 0,
    "start": "2022-07-19T08:56:48.355Z",
    "end": "2022-07-19T08:56:50.124Z",
    "duration": 1769,
    "testsRegistered": 2,
    "passPercent": 100,
    "pendingPercent": 0,
    "other": 0,
    "hasOther": false,
    "skipped": 0,
    "hasSkipped": false
  },
  "results": [
    {
      "uuid": "9d9211f4-97cd-4cd1-a5bc-8da2eaf08275",
      "title": "",
      "fullFile": "cypress/e2e/webdriver-uni/handle-checkboxes.cy.js",
      "file": "cypress/e2e/webdriver-uni/handle-checkboxes.cy.js",
      "beforeHooks": [],
      "afterHooks": [],
      "tests": [],
      "suites": [
        {
          "uuid": "9bf2694e-a7db-4605-b7e8-52e7853edbce",
          "title": "Handle checkboxes",
          "fullFile": "",
          "file": "",
          "beforeHooks": [],
          "afterHooks": [],
          "tests": [
            {
              "title": "Handle checkboxes",
              "fullTitle": "Handle checkboxes Handle checkboxes",
              "timedOut": null,
              "duration": 1190,
              "state": "passed",
              "speed": "fast",
              "pass": true,
              "fail": false,
              "pending": false,
              "context": null,
              "code": "cy.get(\"#checkboxes > :nth-child(1) > input\").check().should(\"be.checked\");\ncy.get(\"#checkboxes > :nth-child(5) > input\").uncheck().should(\"not.be.checked\");",
              "err": {},
              "uuid": "8c8e68f6-5d04-4b64-8ff9-af1eb9c86ada",
              "parentUUID": "9bf2694e-a7db-4605-b7e8-52e7853edbce",
              "isHook": false,
              "skipped": false
            },
            {
              "title": "Check multiple checkboxes",
              "fullTitle": "Handle checkboxes Check multiple checkboxes",
              "timedOut": null,
              "duration": 562,
              "state": "passed",
              "speed": "fast",
              "pass": true,
              "fail": false,
              "pending": false,
              "context": null,
              "code": "cy.get(\"input[type='checkbox']\").check([\"option-1\", \"option-2\", \"option-3\", \"option-4\"]).should(\"be.checked\");",
              "err": {},
              "uuid": "615bae24-32cc-4cb7-8ebc-8942cf0e0dff",
              "parentUUID": "9bf2694e-a7db-4605-b7e8-52e7853edbce",
              "isHook": false,
              "skipped": false
            }
          ],
          "suites": [],
          "passes": [
            "8c8e68f6-5d04-4b64-8ff9-af1eb9c86ada",
            "615bae24-32cc-4cb7-8ebc-8942cf0e0dff"
          ],
          "failures": [],
          "pending": [],
          "skipped": [],
          "duration": 1752,
          "root": false,
          "rootEmpty": false,
          "_timeout": 2000
        }
      ],
      "passes": [],
      "failures": [],
      "pending": [],
      "skipped": [],
      "duration": 0,
      "root": true,
      "rootEmpty": true,
      "_timeout": 2000
    }
  ],
  "meta": {
    "mocha": {
      "version": "7.0.1"
    },
    "mochawesome": {
      "options": {
        "quiet": false,
        "reportFilename": "mochawesome",
        "saveHtml": false,
        "saveJson": true,
        "consoleReporter": "spec",
        "useInlineDiffs": false,
        "code": true
      },
      "version": "7.1.3"
    },
    "marge": {
      "options": {
        "reportDir": "cypress/results",
        "overwrite": false,
        "html": false,
        "json": true
      },
      "version": "6.2.0"
    }
  }
}