{
  "stats": {
    "suites": 1,
    "tests": 2,
    "passes": 2,
    "pending": 0,
    "failures": 0,
    "start": "2022-07-19T08:56:40.202Z",
    "end": "2022-07-19T08:56:41.588Z",
    "duration": 1386,
    "testsRegistered": 2,
    "passPercent": 100,
    "pendingPercent": 0,
    "other": 0,
    "hasOther": false,
    "skipped": 0,
    "hasSkipped": false
  },
  "results": [
    {
      "uuid": "a86b7fda-e4e0-42cc-a976-7851b67bd497",
      "title": "",
      "fullFile": "cypress/e2e/webdriver-uni/file-upload.cy.js",
      "file": "cypress/e2e/webdriver-uni/file-upload.cy.js",
      "beforeHooks": [],
      "afterHooks": [],
      "tests": [],
      "suites": [
        {
          "uuid": "9a02888d-ca36-4486-8d8b-856752a341c8",
          "title": "Upload file",
          "fullFile": "",
          "file": "",
          "beforeHooks": [],
          "afterHooks": [],
          "tests": [
            {
              "title": "Check validation on uploading without file",
              "fullTitle": "Upload file Check validation on uploading without file",
              "timedOut": null,
              "duration": 1006,
              "state": "passed",
              "speed": "fast",
              "pass": true,
              "fail": false,
              "pending": false,
              "context": null,
              "code": "cy.visit(\"https://webdriveruniversity.com\");\ncy.get(\"#file-upload\").invoke(\"removeAttr\", \"target\").click();\ncy.get(\"#submit-button\").click();\ncy.on(\"window:alert\", str => {\n  expect(str).to.eq(\"You need to select a file to upload!\");\n});",
              "err": {},
              "uuid": "c1087d16-a7fa-4496-8a91-60ff61c8e4b2",
              "parentUUID": "9a02888d-ca36-4486-8d8b-856752a341c8",
              "isHook": false,
              "skipped": false
            },
            {
              "title": "Check that file is uploaded",
              "fullTitle": "Upload file Check that file is uploaded",
              "timedOut": null,
              "duration": 369,
              "state": "passed",
              "speed": "fast",
              "pass": true,
              "fail": false,
              "pending": false,
              "context": null,
              "code": "cy.visit(\"https://webdriveruniversity.com\");\ncy.get(\"#file-upload\").invoke(\"removeAttr\", \"target\").click();\ncy.fixture(\"laptop.png\", \"base64\").then(fileContent => {\n  cy.get(\"#myFile\").attachFile({\n    fileContent,\n    fileName: \"laptop.png\",\n    mimeType: \"image/png\"\n  }, {\n    uploadType: \"input\"\n  });\n});\ncy.get(\"#submit-button\").click();\ncy.on(\"window:alert\", str => {\n  expect(str).to.eq(\"Your file has now been uploaded!\");\n});",
              "err": {},
              "uuid": "ab2aa35b-a671-4f23-9db7-1a9262a16573",
              "parentUUID": "9a02888d-ca36-4486-8d8b-856752a341c8",
              "isHook": false,
              "skipped": false
            }
          ],
          "suites": [],
          "passes": [
            "c1087d16-a7fa-4496-8a91-60ff61c8e4b2",
            "ab2aa35b-a671-4f23-9db7-1a9262a16573"
          ],
          "failures": [],
          "pending": [],
          "skipped": [],
          "duration": 1375,
          "root": false,
          "rootEmpty": false,
          "_timeout": 2000
        }
      ],
      "passes": [],
      "failures": [],
      "pending": [],
      "skipped": [],
      "duration": 0,
      "root": true,
      "rootEmpty": true,
      "_timeout": 2000
    }
  ],
  "meta": {
    "mocha": {
      "version": "7.0.1"
    },
    "mochawesome": {
      "options": {
        "quiet": false,
        "reportFilename": "mochawesome",
        "saveHtml": false,
        "saveJson": true,
        "consoleReporter": "spec",
        "useInlineDiffs": false,
        "code": true
      },
      "version": "7.1.3"
    },
    "marge": {
      "options": {
        "reportDir": "cypress/results",
        "overwrite": false,
        "html": false,
        "json": true
      },
      "version": "6.2.0"
    }
  }
}