{
  "stats": {
    "suites": 20,
    "tests": 35,
    "passes": 33,
    "pending": 0,
    "failures": 2,
    "start": "2022-07-19T08:55:50.559Z",
    "end": "2022-07-19T08:57:18.867Z",
    "duration": 36459,
    "testsRegistered": 35,
    "passPercent": 94.28571428571429,
    "pendingPercent": 0,
    "other": 0,
    "hasOther": false,
    "skipped": 0,
    "hasSkipped": false
  },
  "results": [
    {
      "uuid": "e1f3c393-6971-426b-a339-123de15715b2",
      "title": "",
      "fullFile": "cypress/e2e/other/same-origin-policy.cy.js",
      "file": "cypress/e2e/other/same-origin-policy.cy.js",
      "beforeHooks": [],
      "afterHooks": [],
      "tests": [],
      "suites": [
        {
          "uuid": "b0bcad01-1cac-47ff-8505-cd77a7f2e077",
          "title": "Cypress web-security",
          "fullFile": "",
          "file": "",
          "beforeHooks": [],
          "afterHooks": [],
          "tests": [
            {
              "title": "Validate visiting two different super domains",
              "fullTitle": "Cypress web-security Validate visiting two different super domains",
              "timedOut": null,
              "duration": 1556,
              "state": "failed",
              "speed": null,
              "pass": false,
              "fail": true,
              "pending": false,
              "context": null,
              "code": "cy.visit(\"https://webdriveruniversity.com/\");\ncy.visit(\"https://automationteststore.com/\");",
              "err": {
                "message": "CypressError: `cy.visit()` failed because you are attempting to visit a URL that is of a different origin.\n\nIn order to visit a different origin, you can enable the `experimentalSessionAndOrigin` flag and use `cy.origin()`:\n\n`cy.visit('https://webdriveruniversity.com/')`\n`<commands targeting https://webdriveruniversity.com go here>`\n\n`cy.origin('https://automationteststore.com', () => {`\n`  cy.visit('https://automationteststore.com/')`\n`  <commands targeting https://automationteststore.com go here>`\n`})`\n\nThe new URL is considered a different origin because the following parts of the URL are different:\n\n  > superdomain\n\nYou may only `cy.visit()` same-origin URLs within a single test.\n\nThe previous URL you visited was:\n\n  > 'https://webdriveruniversity.com'\n\nYou're attempting to visit this URL:\n\n  > 'https://automationteststore.com'\n\nhttps://on.cypress.io/cannot-visit-different-origin-domain",
                "estack": "CypressError: `cy.visit()` failed because you are attempting to visit a URL that is of a different origin.\n\nIn order to visit a different origin, you can enable the `experimentalSessionAndOrigin` flag and use `cy.origin()`:\n\n`cy.visit('https://webdriveruniversity.com/')`\n`<commands targeting https://webdriveruniversity.com go here>`\n\n`cy.origin('https://automationteststore.com', () => {`\n`  cy.visit('https://automationteststore.com/')`\n`  <commands targeting https://automationteststore.com go here>`\n`})`\n\nThe new URL is considered a different origin because the following parts of the URL are different:\n\n  > superdomain\n\nYou may only `cy.visit()` same-origin URLs within a single test.\n\nThe previous URL you visited was:\n\n  > 'https://webdriveruniversity.com'\n\nYou're attempting to visit this URL:\n\n  > 'https://automationteststore.com'\n\nhttps://on.cypress.io/cannot-visit-different-origin-domain\n    at cannotVisitDifferentOrigin (https://webdriveruniversity.com/__cypress/runner/cypress_runner.js:155531:72)\n    at https://webdriveruniversity.com/__cypress/runner/cypress_runner.js:156549:20\n    at tryCatcher (https://webdriveruniversity.com/__cypress/runner/cypress_runner.js:13012:23)\n    at Promise._settlePromiseFromHandler (https://webdriveruniversity.com/__cypress/runner/cypress_runner.js:10947:31)\n    at Promise._settlePromise (https://webdriveruniversity.com/__cypress/runner/cypress_runner.js:11004:18)\n    at Promise._settlePromise0 (https://webdriveruniversity.com/__cypress/runner/cypress_runner.js:11049:10)\n    at Promise._settlePromises (https://webdriveruniversity.com/__cypress/runner/cypress_runner.js:11129:18)\n    at _drainQueueStep (https://webdriveruniversity.com/__cypress/runner/cypress_runner.js:7719:12)\n    at _drainQueue (https://webdriveruniversity.com/__cypress/runner/cypress_runner.js:7712:9)\n    at Async.../../node_modules/bluebird/js/release/async.js.Async._drainQueues (https://webdriveruniversity.com/__cypress/runner/cypress_runner.js:7728:5)\n    at Async.drainQueues (https://webdriveruniversity.com/__cypress/runner/cypress_runner.js:7598:14)\nFrom Your Spec Code:\n    at Context.eval (https://webdriveruniversity.com/__cypress/tests?p=cypress/e2e/other/same-origin-policy.cy.js:103:8)",
                "diff": null
              },
              "uuid": "c3d11846-1bf5-4b96-8f8f-6e81b362a5f6",
              "parentUUID": "b0bcad01-1cac-47ff-8505-cd77a7f2e077",
              "isHook": false,
              "skipped": false
            },
            {
              "title": "Validate sub-domain visit",
              "fullTitle": "Cypress web-security Validate sub-domain visit",
              "timedOut": null,
              "duration": 1683,
              "state": "passed",
              "speed": "fast",
              "pass": true,
              "fail": false,
              "pending": false,
              "context": null,
              "code": "cy.visit(\"https://webdriveruniversity.com\");\ncy.get(\"#automation-test-store\").invoke(\"removeAttr\", \"target\").click();",
              "err": {},
              "uuid": "98d38758-c858-4ea4-b57d-7d9df82b9502",
              "parentUUID": "b0bcad01-1cac-47ff-8505-cd77a7f2e077",
              "isHook": false,
              "skipped": false
            }
          ],
          "suites": [],
          "passes": [
            "98d38758-c858-4ea4-b57d-7d9df82b9502"
          ],
          "failures": [
            "c3d11846-1bf5-4b96-8f8f-6e81b362a5f6"
          ],
          "pending": [],
          "skipped": [],
          "duration": 3239,
          "root": false,
          "rootEmpty": false,
          "_timeout": 2000
        }
      ],
      "passes": [],
      "failures": [],
      "pending": [],
      "skipped": [],
      "duration": 0,
      "root": true,
      "rootEmpty": true,
      "_timeout": 2000
    },
    {
      "uuid": "344f3b6d-7b78-4f25-a6db-46216a0e898c",
      "title": "",
      "fullFile": "cypress/e2e/store/add_multiple-item-to-bascket.cy.js",
      "file": "cypress/e2e/store/add_multiple-item-to-bascket.cy.js",
      "beforeHooks": [],
      "afterHooks": [],
      "tests": [],
      "suites": [
        {
          "uuid": "6ff13d8f-5ac2-4deb-ba12-af45c32b665c",
          "title": "Add multiple items to basket",
          "fullFile": "",
          "file": "",
          "beforeHooks": [],
          "afterHooks": [],
          "tests": [
            {
              "title": "Add specific items to basket",
              "fullTitle": "Add multiple items to basket Add specific items to basket",
              "timedOut": null,
              "duration": 2051,
              "state": "passed",
              "speed": "fast",
              "pass": true,
              "fail": false,
              "pending": false,
              "context": null,
              "code": "globalThis.data.productName.forEach(function (element) {\n  cy.addProductToCart(element);\n});\ncy.get(\".dropdown-toggle > .fa\").click();",
              "err": {},
              "uuid": "adabecfb-f036-44c2-9f80-d1dc874202a9",
              "parentUUID": "6ff13d8f-5ac2-4deb-ba12-af45c32b665c",
              "isHook": false,
              "skipped": false
            }
          ],
          "suites": [],
          "passes": [
            "adabecfb-f036-44c2-9f80-d1dc874202a9"
          ],
          "failures": [],
          "pending": [],
          "skipped": [],
          "duration": 2051,
          "root": false,
          "rootEmpty": false,
          "_timeout": 2000
        }
      ],
      "passes": [],
      "failures": [],
      "pending": [],
      "skipped": [],
      "duration": 0,
      "root": true,
      "rootEmpty": true,
      "_timeout": 2000
    },
    {
      "uuid": "b895fd97-6360-4b16-bba4-d50bcd43ce54",
      "title": "",
      "fullFile": "cypress/e2e/store/contact_us.cy.js",
      "file": "cypress/e2e/store/contact_us.cy.js",
      "beforeHooks": [],
      "afterHooks": [],
      "tests": [],
      "suites": [
        {
          "uuid": "870bd280-b23b-432e-bec7-77603274588c",
          "title": "Test Contact Us form in Store",
          "fullFile": "",
          "file": "",
          "beforeHooks": [],
          "afterHooks": [],
          "tests": [
            {
              "title": "Should be able to submit a successful form",
              "fullTitle": "Test Contact Us form in Store Should be able to submit a successful form",
              "timedOut": null,
              "duration": 3403,
              "state": "passed",
              "speed": "fast",
              "pass": true,
              "fail": false,
              "pending": false,
              "context": null,
              "code": "cy.visit(\"https://automationteststore.com/\"); // cy.get(\n//   'a[href=\"https://automationteststore.com/index.php?rt=content/contact\"]'\n// ).click();\n// cy.get(\"#ContactUsFrm_first_name\").type(\"First Name\");\n// cy.get(\"#ContactUsFrm_email\").type(\"email@gmail.com\");\n// cy.get(\"#ContactUsFrm_enquiry\").type(\"commnet field\");\n// cy.get('[id=\"ContactUsFrm_first_name\"]').type(\"First Name1\");\n// cy.get('[ id=\"ContactUsFrm_email\"]').type(\"test123@gmail.com\");\n// cy.get('[id=\"ContactUsFrm_enquiry\"]').type(\"commend line\");\n// cy.get(\"button[title='Submit']\").click();\ncy.get(\"a[href$='contact']\").click().then(link => {\n  cy.log(`Link: ${link.text()}`);\n}); // $ - ends with\n// ^ - starts with\n// XPath selectors\n// cy.xpath(\"//a[contains(@href, 'contact')]\").click();\ncy.get(\"@user\").then(user => {\n  cy.xpath(\"//input[@id = 'ContactUsFrm_first_name']\").type(user.first_name);\n  cy.xpath(\"//input[@id = 'ContactUsFrm_email']\").type(user.email);\n});\ncy.xpath(\"//input[@id = 'ContactUsFrm_first_name']\").should(\"have.attr\", \"name\", \"first_name\");\ncy.xpath(\"//input[@id = 'ContactUsFrm_email']\").should(\"have.attr\", \"name\", \"email\");\ncy.xpath(\"//textarea[@id = 'ContactUsFrm_enquiry']\").type(\"Comment XPath\");\ncy.xpath(\"//button[@title = 'Submit']\").click();\ncy.url().should(\"include\", \"https://automationteststore.com/index.php?rt=content/contact/success\");\ncy.get(\".mb40 > :nth-child(3)\").should(\"have.text\", \"Your enquiry has been successfully sent to the store owner!\");",
              "err": {},
              "uuid": "e0db3ada-4039-4de7-8a95-d9ccb4cd09e7",
              "parentUUID": "870bd280-b23b-432e-bec7-77603274588c",
              "isHook": false,
              "skipped": false
            }
          ],
          "suites": [],
          "passes": [
            "e0db3ada-4039-4de7-8a95-d9ccb4cd09e7"
          ],
          "failures": [],
          "pending": [],
          "skipped": [],
          "duration": 3403,
          "root": false,
          "rootEmpty": false,
          "_timeout": 2000
        }
      ],
      "passes": [],
      "failures": [],
      "pending": [],
      "skipped": [],
      "duration": 0,
      "root": true,
      "rootEmpty": true,
      "_timeout": 2000
    },
    {
      "uuid": "712b7ebd-8049-4bc8-936e-b4bf9ce95846",
      "title": "",
      "fullFile": "cypress/e2e/store/inspect_item.cy.js",
      "file": "cypress/e2e/store/inspect_item.cy.js",
      "beforeHooks": [],
      "afterHooks": [],
      "tests": [],
      "suites": [
        {
          "uuid": "ece27ea8-18ba-4fde-b84c-c46636638b0d",
          "title": "Inspect Items using chaining commands",
          "fullFile": "",
          "file": "",
          "beforeHooks": [],
          "afterHooks": [],
          "tests": [
            {
              "title": "Click on the first Item by using Name",
              "fullTitle": "Inspect Items using chaining commands Click on the first Item by using Name",
              "timedOut": null,
              "duration": 1706,
              "state": "passed",
              "speed": "fast",
              "pass": true,
              "fail": false,
              "pending": false,
              "context": null,
              "code": "cy.visit(\"https://automationteststore.com/\");\ncy.get(\".prdocutname\").contains(\"Skinsheen Bronzer Stick\").click().then(itemHeaderText => {\n  console.log(`Selected item: ${itemHeaderText.text()}`);\n}); // cy.xpath(\"//a[@title='Skinsheen Bronzer Stick']\").click();",
              "err": {},
              "uuid": "29ad1edc-ac3e-4846-8e49-3637bbb437b5",
              "parentUUID": "ece27ea8-18ba-4fde-b84c-c46636638b0d",
              "isHook": false,
              "skipped": false
            },
            {
              "title": "Click on the first Item by index",
              "fullTitle": "Inspect Items using chaining commands Click on the first Item by index",
              "timedOut": null,
              "duration": 516,
              "state": "passed",
              "speed": "fast",
              "pass": true,
              "fail": false,
              "pending": false,
              "context": null,
              "code": "cy.visit(\"https://automationteststore.com/\");\ncy.get(\".fixed_wrapper\").find(\".prdocutname\").eq(0).click();",
              "err": {},
              "uuid": "56ab51a6-bb23-480f-86c6-69116c367e42",
              "parentUUID": "ece27ea8-18ba-4fde-b84c-c46636638b0d",
              "isHook": false,
              "skipped": false
            }
          ],
          "suites": [],
          "passes": [
            "29ad1edc-ac3e-4846-8e49-3637bbb437b5",
            "56ab51a6-bb23-480f-86c6-69116c367e42"
          ],
          "failures": [],
          "pending": [],
          "skipped": [],
          "duration": 2222,
          "root": false,
          "rootEmpty": false,
          "_timeout": 2000
        }
      ],
      "passes": [],
      "failures": [],
      "pending": [],
      "skipped": [],
      "duration": 0,
      "root": true,
      "rootEmpty": true,
      "_timeout": 2000
    },
    {
      "uuid": "f8bf8ca2-9066-44f6-8f8c-924575fd56e3",
      "title": "",
      "fullFile": "cypress/e2e/store/iterate-over-elements_ORIG.cy.js",
      "file": "cypress/e2e/store/iterate-over-elements_ORIG.cy.js",
      "beforeHooks": [],
      "afterHooks": [],
      "tests": [],
      "suites": [
        {
          "uuid": "a6ec9aa1-0461-469c-8ca3-aed9cf2f40cd",
          "title": "Iterate over elements",
          "fullFile": "",
          "file": "",
          "beforeHooks": [],
          "afterHooks": [],
          "tests": [
            {
              "title": "Log information of all hair care products",
              "fullTitle": "Iterate over elements Log information of all hair care products",
              "timedOut": null,
              "duration": 1597,
              "state": "passed",
              "speed": "fast",
              "pass": true,
              "fail": false,
              "pending": false,
              "context": null,
              "code": "cy.get(\".fixed_wrapper .prdocutname\").each(($el, index, $list) => {\n  cy.log(\"Index: \" + index + \" : \" + $el.text());\n});",
              "err": {},
              "uuid": "2059e06b-1495-4961-bd89-89142bcdffe9",
              "parentUUID": "a6ec9aa1-0461-469c-8ca3-aed9cf2f40cd",
              "isHook": false,
              "skipped": false
            },
            {
              "title": "Add specific product to basket",
              "fullTitle": "Iterate over elements Add specific product to basket",
              "timedOut": null,
              "duration": 764,
              "state": "passed",
              "speed": "fast",
              "pass": true,
              "fail": false,
              "pending": false,
              "context": null,
              "code": "cy.selectProduct(\"Curls to straight Shampoo\");",
              "err": {},
              "uuid": "aa893ff5-db20-40ec-aa79-97f87e43494e",
              "parentUUID": "a6ec9aa1-0461-469c-8ca3-aed9cf2f40cd",
              "isHook": false,
              "skipped": false
            },
            {
              "title": "Add another specific product to basket",
              "fullTitle": "Iterate over elements Add another specific product to basket",
              "timedOut": null,
              "duration": 705,
              "state": "passed",
              "speed": "fast",
              "pass": true,
              "fail": false,
              "pending": false,
              "context": null,
              "code": "cy.selectProduct(\"Pantene Pro-V Conditioner, Classic Care\");",
              "err": {},
              "uuid": "c160bb32-0a16-4749-ace0-1603f59d213a",
              "parentUUID": "a6ec9aa1-0461-469c-8ca3-aed9cf2f40cd",
              "isHook": false,
              "skipped": false
            }
          ],
          "suites": [],
          "passes": [
            "2059e06b-1495-4961-bd89-89142bcdffe9",
            "aa893ff5-db20-40ec-aa79-97f87e43494e",
            "c160bb32-0a16-4749-ace0-1603f59d213a"
          ],
          "failures": [],
          "pending": [],
          "skipped": [],
          "duration": 3066,
          "root": false,
          "rootEmpty": false,
          "_timeout": 2000
        }
      ],
      "passes": [],
      "failures": [],
      "pending": [],
      "skipped": [],
      "duration": 0,
      "root": true,
      "rootEmpty": true,
      "_timeout": 2000
    },
    {
      "uuid": "243f52b7-d8ee-4b7e-9080-9d8077755ab8",
      "title": "",
      "fullFile": "cypress/e2e/store/variables-cypress.cy.js",
      "file": "cypress/e2e/store/variables-cypress.cy.js",
      "beforeHooks": [],
      "afterHooks": [],
      "tests": [],
      "suites": [
        {
          "uuid": "2777e41e-97e5-41b9-bcd0-65d2b389fc6e",
          "title": "Verifying Cypress commands and jquerry",
          "fullFile": "",
          "file": "",
          "beforeHooks": [],
          "afterHooks": [],
          "tests": [
            {
              "title": "Calculate total of normal and sale products",
              "fullTitle": "Verifying Cypress commands and jquerry Calculate total of normal and sale products",
              "timedOut": null,
              "duration": 1627,
              "state": "passed",
              "speed": "fast",
              "pass": true,
              "fail": false,
              "pending": false,
              "context": null,
              "code": "cy.visit(\"https://automationteststore.com/\");\ncy.get(\".thumbnail\").as(\"productThumbnail\"); // cy.get('@productThumbnail').find('.oneprice').each(($el, index, $list) => {\n//     cy.log($el.text());\n// });\ncy.get(\".thumbnail\").find(\".oneprice\").invoke(\"text\").as(\"itemPrice\");\ncy.get(\".thumbnail\").find(\".pricenew\").invoke(\"text\").as(\"saleItemPrice\");\nlet itemsTotal = 0;\ncy.get(\"@itemPrice\").then($linkText => {\n  let nonSellItemsPrice = $linkText.split(\"$\").reduce((sum, itemPrice) => Number(sum) + Number(itemPrice));\n  itemsTotal += nonSellItemsPrice;\n  cy.log(\"Non sale price items total: \" + nonSellItemsPrice);\n});\ncy.get(\"@saleItemPrice\").then($linkText => {\n  let sellItemsPrice = $linkText.split(\"$\").reduce((sum, itemPrice) => Number(sum) + Number(itemPrice));\n  itemsTotal += sellItemsPrice;\n  cy.log(\"Sale price items total: \" + sellItemsPrice);\n  cy.log(\"Total price is: \" + itemsTotal);\n}).then(() => {\n  cy.log(\"Total price is: \" + itemsTotal);\n  expect(itemsTotal).to.eq(648.5);\n});",
              "err": {},
              "uuid": "e0efff58-1187-4747-b93c-6dbc5a557c7a",
              "parentUUID": "2777e41e-97e5-41b9-bcd0-65d2b389fc6e",
              "isHook": false,
              "skipped": false
            }
          ],
          "suites": [],
          "passes": [
            "e0efff58-1187-4747-b93c-6dbc5a557c7a"
          ],
          "failures": [],
          "pending": [],
          "skipped": [],
          "duration": 1627,
          "root": false,
          "rootEmpty": false,
          "_timeout": 2000
        }
      ],
      "passes": [],
      "failures": [],
      "pending": [],
      "skipped": [],
      "duration": 0,
      "root": true,
      "rootEmpty": true,
      "_timeout": 2000
    },
    {
      "uuid": "4feb2725-b284-4ba3-ab46-0799c9209fd0",
      "title": "",
      "fullFile": "cypress/e2e/webdriver-uni/auto-complete.cy.js",
      "file": "cypress/e2e/webdriver-uni/auto-complete.cy.js",
      "beforeHooks": [],
      "afterHooks": [],
      "tests": [],
      "suites": [
        {
          "uuid": "4ecbcb69-43a8-4d69-9e3c-71afa1586dbf",
          "title": "Auto-complete dropdown",
          "fullFile": "",
          "file": "",
          "beforeHooks": [],
          "afterHooks": [],
          "tests": [
            {
              "title": "Validate autocompletion with A symbol",
              "fullTitle": "Auto-complete dropdown Validate autocompletion with A symbol",
              "timedOut": null,
              "duration": 1676,
              "state": "passed",
              "speed": "fast",
              "pass": true,
              "fail": false,
              "pending": false,
              "context": null,
              "code": "cy.visit(\"https://webdriveruniversity.com\");\ncy.get(\"#autocomplete-textfield\").invoke(\"removeAttr\", \"target\").click();\ncy.get(\"#myInput\").type(\"A\");\ncy.get(\"#myInputautocomplete-list > *\").each(($el, index, $list) => {\n  const product = $el.text();\n  const productToSelect = \"Avacado\";\n  if (product === productToSelect) {\n    //   cy.wrap($el).click();\n    $el.trigger(\"click\");\n    cy.get(\"#submit-button\").click();\n    cy.url().should(\"include\", productToSelect);\n  }\n}).then(() => {\n  cy.get(\"#myInput\").type(\"G\");\n  cy.get(\"#myInputautocomplete-list > * \").each(($el, index, $list) => {\n    const product = $el.text();\n    const productToSelect = \"Garlic\";\n    if (product === productToSelect) {\n      cy.wrap($el).click();\n      cy.get(\"#submit-button\").click();\n      cy.url().should(\"include\", productToSelect);\n    }\n  });\n});",
              "err": {},
              "uuid": "26027941-8bbe-45c1-9e37-96338e6b4d28",
              "parentUUID": "4ecbcb69-43a8-4d69-9e3c-71afa1586dbf",
              "isHook": false,
              "skipped": false
            }
          ],
          "suites": [],
          "passes": [
            "26027941-8bbe-45c1-9e37-96338e6b4d28"
          ],
          "failures": [],
          "pending": [],
          "skipped": [],
          "duration": 1676,
          "root": false,
          "rootEmpty": false,
          "_timeout": 2000
        }
      ],
      "passes": [],
      "failures": [],
      "pending": [],
      "skipped": [],
      "duration": 0,
      "root": true,
      "rootEmpty": true,
      "_timeout": 2000
    },
    {
      "uuid": "18613b1a-874a-4923-b5d3-96dbcfdefe02",
      "title": "",
      "fullFile": "cypress/e2e/webdriver-uni/browser-navigation.cy.js",
      "file": "cypress/e2e/webdriver-uni/browser-navigation.cy.js",
      "beforeHooks": [],
      "afterHooks": [],
      "tests": [],
      "suites": [
        {
          "uuid": "42c63a86-859e-41d5-b25a-0601dbde03ad",
          "title": "Validate webdriveruni navigation links",
          "fullFile": "",
          "file": "",
          "beforeHooks": [],
          "afterHooks": [],
          "tests": [
            {
              "title": "Confirm links redirect to correct pages",
              "fullTitle": "Validate webdriveruni navigation links Confirm links redirect to correct pages",
              "timedOut": null,
              "duration": 979,
              "state": "passed",
              "speed": "fast",
              "pass": true,
              "fail": false,
              "pending": false,
              "context": null,
              "code": "cy.visit(\"https://webdriveruniversity.com/\");\ncy.get(\"#contact-us\").invoke(\"removeAttr\", \"target\").click();\ncy.url().should(\"include\", \"contactus\");\ncy.go(\"back\");\ncy.reload();\ncy.reload(true); //Reload page without cache\ncy.go(\"forward\");\ncy.url().should(\"include\", \"contactus\");",
              "err": {},
              "uuid": "2709a6f1-c58a-4e0d-ba7c-5316cd42e527",
              "parentUUID": "42c63a86-859e-41d5-b25a-0601dbde03ad",
              "isHook": false,
              "skipped": false
            },
            {
              "title": "Validate login page",
              "fullTitle": "Validate webdriveruni navigation links Validate login page",
              "timedOut": null,
              "duration": 951,
              "state": "passed",
              "speed": "fast",
              "pass": true,
              "fail": false,
              "pending": false,
              "context": null,
              "code": "cy.visit(\"https://webdriveruniversity.com\");\ncy.get(\"#login-portal\").invoke(\"removeAttr\", \"target\").click();\ncy.url().should(\"include\", \"Login-Portal\");",
              "err": {},
              "uuid": "02dba9d0-a9fa-4ca9-9bd0-abfe947675b8",
              "parentUUID": "42c63a86-859e-41d5-b25a-0601dbde03ad",
              "isHook": false,
              "skipped": false
            },
            {
              "title": "Validate to-do-list page",
              "fullTitle": "Validate webdriveruni navigation links Validate to-do-list page",
              "timedOut": null,
              "duration": 743,
              "state": "passed",
              "speed": "fast",
              "pass": true,
              "fail": false,
              "pending": false,
              "context": null,
              "code": "cy.visit(\"https://webdriveruniversity.com\");\ncy.get(\"#to-do-list\").invoke(\"removeAttr\", \"target\").click();\ncy.url().should(\"include\", \"To-Do-List\");\ncy.go(\"back\");",
              "err": {},
              "uuid": "93631cad-7042-4ff7-9d27-23f80163ca76",
              "parentUUID": "42c63a86-859e-41d5-b25a-0601dbde03ad",
              "isHook": false,
              "skipped": false
            }
          ],
          "suites": [],
          "passes": [
            "2709a6f1-c58a-4e0d-ba7c-5316cd42e527",
            "02dba9d0-a9fa-4ca9-9bd0-abfe947675b8",
            "93631cad-7042-4ff7-9d27-23f80163ca76"
          ],
          "failures": [],
          "pending": [],
          "skipped": [],
          "duration": 2673,
          "root": false,
          "rootEmpty": false,
          "_timeout": 2000
        }
      ],
      "passes": [],
      "failures": [],
      "pending": [],
      "skipped": [],
      "duration": 0,
      "root": true,
      "rootEmpty": true,
      "_timeout": 2000
    },
    {
      "uuid": "1ed5ba31-bc64-4570-a4db-d1277f8c7b4f",
      "title": "",
      "fullFile": "cypress/e2e/webdriver-uni/contact-us.cy.js",
      "file": "cypress/e2e/webdriver-uni/contact-us.cy.js",
      "beforeHooks": [],
      "afterHooks": [],
      "tests": [],
      "suites": [
        {
          "uuid": "63d19ba3-2fc5-4ad9-b886-e0b795556a7e",
          "title": "Test Contact Us form via WebDriverIni",
          "fullFile": "",
          "file": "",
          "beforeHooks": [],
          "afterHooks": [],
          "tests": [
            {
              "title": "Empty Email field",
              "fullTitle": "Test Contact Us form via WebDriverIni Empty Email field",
              "timedOut": null,
              "duration": 1478,
              "state": "passed",
              "speed": "fast",
              "pass": true,
              "fail": false,
              "pending": false,
              "context": null,
              "code": "cy.fixture(\"userDetailsNoEmail\").as(\"emptyEmailUserData\");\ncy.get(\"@emptyEmailUserData\").then(data => {\n  contactPage.submit_Contact_Us_form(data, \"body\", \"\\n\\n\\n Error: all fields are required\\n Error: Invalid email address\\n\\n\\n\"); // cy.screenshot(); - make screenshot\n  // cy.fillDatatoContactUsForm(\n  //   data,\n  //   \"body\",\n  //   \"\\n\\n\\n Error: all fields are required\\n Error: Invalid email address\\n\\n\\n\"\n  // );\n});",
              "err": {},
              "uuid": "84cc1bda-51aa-407d-96bc-33615d642212",
              "parentUUID": "63d19ba3-2fc5-4ad9-b886-e0b795556a7e",
              "isHook": false,
              "skipped": false
            },
            {
              "title": "Successful submition",
              "fullTitle": "Test Contact Us form via WebDriverIni Successful submition",
              "timedOut": null,
              "duration": 1891,
              "state": "passed",
              "speed": "fast",
              "pass": true,
              "fail": false,
              "pending": false,
              "context": null,
              "code": "cy.fixture(\"example\").as(\"data\");\ncy.get(\"@data\").then(data => {\n  contactPage.submit_Contact_Us_form(data, \"h1\", \"Thank You for your Message!\"); // cy.fillDatatoContactUsForm(data, \"h1\", \"Thank You for your Message!\");\n});",
              "err": {},
              "uuid": "3a1d2e41-6a43-4310-9c7d-671f0d1a2002",
              "parentUUID": "63d19ba3-2fc5-4ad9-b886-e0b795556a7e",
              "isHook": false,
              "skipped": false
            }
          ],
          "suites": [],
          "passes": [
            "84cc1bda-51aa-407d-96bc-33615d642212",
            "3a1d2e41-6a43-4310-9c7d-671f0d1a2002"
          ],
          "failures": [],
          "pending": [],
          "skipped": [],
          "duration": 3369,
          "root": false,
          "rootEmpty": false,
          "_timeout": 2000
        }
      ],
      "passes": [],
      "failures": [],
      "pending": [],
      "skipped": [],
      "duration": 0,
      "root": true,
      "rootEmpty": true,
      "_timeout": 2000
    },
    {
      "uuid": "a86b7fda-e4e0-42cc-a976-7851b67bd497",
      "title": "",
      "fullFile": "cypress/e2e/webdriver-uni/file-upload.cy.js",
      "file": "cypress/e2e/webdriver-uni/file-upload.cy.js",
      "beforeHooks": [],
      "afterHooks": [],
      "tests": [],
      "suites": [
        {
          "uuid": "9a02888d-ca36-4486-8d8b-856752a341c8",
          "title": "Upload file",
          "fullFile": "",
          "file": "",
          "beforeHooks": [],
          "afterHooks": [],
          "tests": [
            {
              "title": "Check validation on uploading without file",
              "fullTitle": "Upload file Check validation on uploading without file",
              "timedOut": null,
              "duration": 1006,
              "state": "passed",
              "speed": "fast",
              "pass": true,
              "fail": false,
              "pending": false,
              "context": null,
              "code": "cy.visit(\"https://webdriveruniversity.com\");\ncy.get(\"#file-upload\").invoke(\"removeAttr\", \"target\").click();\ncy.get(\"#submit-button\").click();\ncy.on(\"window:alert\", str => {\n  expect(str).to.eq(\"You need to select a file to upload!\");\n});",
              "err": {},
              "uuid": "c1087d16-a7fa-4496-8a91-60ff61c8e4b2",
              "parentUUID": "9a02888d-ca36-4486-8d8b-856752a341c8",
              "isHook": false,
              "skipped": false
            },
            {
              "title": "Check that file is uploaded",
              "fullTitle": "Upload file Check that file is uploaded",
              "timedOut": null,
              "duration": 369,
              "state": "passed",
              "speed": "fast",
              "pass": true,
              "fail": false,
              "pending": false,
              "context": null,
              "code": "cy.visit(\"https://webdriveruniversity.com\");\ncy.get(\"#file-upload\").invoke(\"removeAttr\", \"target\").click();\ncy.fixture(\"laptop.png\", \"base64\").then(fileContent => {\n  cy.get(\"#myFile\").attachFile({\n    fileContent,\n    fileName: \"laptop.png\",\n    mimeType: \"image/png\"\n  }, {\n    uploadType: \"input\"\n  });\n});\ncy.get(\"#submit-button\").click();\ncy.on(\"window:alert\", str => {\n  expect(str).to.eq(\"Your file has now been uploaded!\");\n});",
              "err": {},
              "uuid": "ab2aa35b-a671-4f23-9db7-1a9262a16573",
              "parentUUID": "9a02888d-ca36-4486-8d8b-856752a341c8",
              "isHook": false,
              "skipped": false
            }
          ],
          "suites": [],
          "passes": [
            "c1087d16-a7fa-4496-8a91-60ff61c8e4b2",
            "ab2aa35b-a671-4f23-9db7-1a9262a16573"
          ],
          "failures": [],
          "pending": [],
          "skipped": [],
          "duration": 1375,
          "root": false,
          "rootEmpty": false,
          "_timeout": 2000
        }
      ],
      "passes": [],
      "failures": [],
      "pending": [],
      "skipped": [],
      "duration": 0,
      "root": true,
      "rootEmpty": true,
      "_timeout": 2000
    },
    {
      "uuid": "1464a70e-a707-4665-9929-54f6eae1c204",
      "title": "",
      "fullFile": "cypress/e2e/webdriver-uni/handle-allerts.cy.js",
      "file": "cypress/e2e/webdriver-uni/handle-allerts.cy.js",
      "beforeHooks": [],
      "afterHooks": [],
      "tests": [],
      "suites": [
        {
          "uuid": "f5adb192-7d05-431f-83c7-7852905aa519",
          "title": "Handle Browser alerts",
          "fullFile": "",
          "file": "",
          "beforeHooks": [],
          "afterHooks": [],
          "tests": [
            {
              "title": "Handle JS alerts and validate text",
              "fullTitle": "Handle Browser alerts Handle JS alerts and validate text",
              "timedOut": null,
              "duration": 897,
              "state": "failed",
              "speed": null,
              "pass": false,
              "fail": true,
              "pending": false,
              "context": null,
              "code": "cy.visit(\"https://webdriveruniversity.com\");\ncy.get(\"#popup-alerts\").invoke(\"removeAttr\", \"target\").click();\ncy.get(\"#button1\").click();\ncy.on(\"window:alert\", str => {\n  expect(str).to.eq(\"I am an alert box1!\");\n});",
              "err": {
                "message": "AssertionError: The following error originated from your application code, not from Cypress.\n\n  > expected 'I am an alert box!' to equal 'I am an alert box1!'\n\nWhen Cypress detects uncaught errors originating from your application it will automatically fail the current test.\n\nThis behavior is configurable, and you can choose to turn this off by listening to the `uncaught:exception` event.\n\nhttps://on.cypress.io/uncaught-exception-from-application",
                "estack": "AssertionError: The following error originated from your application code, not from Cypress.\n\n  > expected 'I am an alert box!' to equal 'I am an alert box1!'\n\nWhen Cypress detects uncaught errors originating from your application it will automatically fail the current test.\n\nThis behavior is configurable, and you can choose to turn this off by listening to the `uncaught:exception` event.\n\nhttps://on.cypress.io/uncaught-exception-from-application\n    at $Cy.eval (https://webdriveruniversity.com/__cypress/tests?p=cypress/e2e/webdriver-uni/handle-allerts.cy.js:106:22)",
                "diff": "- '\\'I am an alert box!\\''\n+ '\\'I am an alert box1!\\''\n"
              },
              "uuid": "d3fafdc9-c5c4-49b2-8bca-6642ab007449",
              "parentUUID": "f5adb192-7d05-431f-83c7-7852905aa519",
              "isHook": false,
              "skipped": false
            },
            {
              "title": "Handle JS alert with confirmation",
              "fullTitle": "Handle Browser alerts Handle JS alert with confirmation",
              "timedOut": null,
              "duration": 331,
              "state": "passed",
              "speed": "fast",
              "pass": true,
              "fail": false,
              "pending": false,
              "context": null,
              "code": "cy.visit(\"https://webdriveruniversity.com\");\ncy.get(\"#popup-alerts\").invoke(\"removeAttr\", \"target\").click();\ncy.get(\"#button4\").click();\ncy.on(\"window:confirm\", str => {\n  return true;\n});\ncy.get(\"#confirm-alert-text\").contains(\"You pressed OK!\");",
              "err": {},
              "uuid": "116fd80a-1da5-4fb2-a365-bba927aeb7c3",
              "parentUUID": "f5adb192-7d05-431f-83c7-7852905aa519",
              "isHook": false,
              "skipped": false
            },
            {
              "title": "Handle JS alert with declining",
              "fullTitle": "Handle Browser alerts Handle JS alert with declining",
              "timedOut": null,
              "duration": 423,
              "state": "passed",
              "speed": "fast",
              "pass": true,
              "fail": false,
              "pending": false,
              "context": null,
              "code": "cy.visit(\"https://webdriveruniversity.com\");\ncy.get(\"#popup-alerts\").invoke(\"removeAttr\", \"target\").click();\ncy.get(\"#button4\").click();\ncy.on(\"window:confirm\", () => {\n  return false;\n});\ncy.get(\"#confirm-alert-text\").contains(\"You pressed Cancel!\");",
              "err": {},
              "uuid": "349f6934-f215-428c-93d3-db49d3ba306a",
              "parentUUID": "f5adb192-7d05-431f-83c7-7852905aa519",
              "isHook": false,
              "skipped": false
            },
            {
              "title": "Handle JS alert with stubs()",
              "fullTitle": "Handle Browser alerts Handle JS alert with stubs()",
              "timedOut": null,
              "duration": 345,
              "state": "passed",
              "speed": "fast",
              "pass": true,
              "fail": false,
              "pending": false,
              "context": null,
              "code": "cy.visit(\"https://webdriveruniversity.com\");\ncy.get(\"#popup-alerts\").invoke(\"removeAttr\", \"target\").click();\nconst stub = cy.stub();\ncy.on(\"window:confirm\", stub);\ncy.get(\"#button4\").click().then(() => {\n  expect(stub.getCall(0)).to.be.calledWith(\"Press a button!\");\n}).then(() => {\n  return true;\n}).then(() => {\n  cy.get(\"#confirm-alert-text\").contains(\"You pressed OK!\");\n});",
              "err": {},
              "uuid": "0038d302-7f12-4d32-a237-f09c119d7680",
              "parentUUID": "f5adb192-7d05-431f-83c7-7852905aa519",
              "isHook": false,
              "skipped": false
            }
          ],
          "suites": [],
          "passes": [
            "116fd80a-1da5-4fb2-a365-bba927aeb7c3",
            "349f6934-f215-428c-93d3-db49d3ba306a",
            "0038d302-7f12-4d32-a237-f09c119d7680"
          ],
          "failures": [
            "d3fafdc9-c5c4-49b2-8bca-6642ab007449"
          ],
          "pending": [],
          "skipped": [],
          "duration": 1996,
          "root": false,
          "rootEmpty": false,
          "_timeout": 2000
        }
      ],
      "passes": [],
      "failures": [],
      "pending": [],
      "skipped": [],
      "duration": 0,
      "root": true,
      "rootEmpty": true,
      "_timeout": 2000
    },
    {
      "uuid": "9d9211f4-97cd-4cd1-a5bc-8da2eaf08275",
      "title": "",
      "fullFile": "cypress/e2e/webdriver-uni/handle-checkboxes.cy.js",
      "file": "cypress/e2e/webdriver-uni/handle-checkboxes.cy.js",
      "beforeHooks": [],
      "afterHooks": [],
      "tests": [],
      "suites": [
        {
          "uuid": "9bf2694e-a7db-4605-b7e8-52e7853edbce",
          "title": "Handle checkboxes",
          "fullFile": "",
          "file": "",
          "beforeHooks": [],
          "afterHooks": [],
          "tests": [
            {
              "title": "Handle checkboxes",
              "fullTitle": "Handle checkboxes Handle checkboxes",
              "timedOut": null,
              "duration": 1190,
              "state": "passed",
              "speed": "fast",
              "pass": true,
              "fail": false,
              "pending": false,
              "context": null,
              "code": "cy.get(\"#checkboxes > :nth-child(1) > input\").check().should(\"be.checked\");\ncy.get(\"#checkboxes > :nth-child(5) > input\").uncheck().should(\"not.be.checked\");",
              "err": {},
              "uuid": "8c8e68f6-5d04-4b64-8ff9-af1eb9c86ada",
              "parentUUID": "9bf2694e-a7db-4605-b7e8-52e7853edbce",
              "isHook": false,
              "skipped": false
            },
            {
              "title": "Check multiple checkboxes",
              "fullTitle": "Handle checkboxes Check multiple checkboxes",
              "timedOut": null,
              "duration": 562,
              "state": "passed",
              "speed": "fast",
              "pass": true,
              "fail": false,
              "pending": false,
              "context": null,
              "code": "cy.get(\"input[type='checkbox']\").check([\"option-1\", \"option-2\", \"option-3\", \"option-4\"]).should(\"be.checked\");",
              "err": {},
              "uuid": "615bae24-32cc-4cb7-8ebc-8942cf0e0dff",
              "parentUUID": "9bf2694e-a7db-4605-b7e8-52e7853edbce",
              "isHook": false,
              "skipped": false
            }
          ],
          "suites": [],
          "passes": [
            "8c8e68f6-5d04-4b64-8ff9-af1eb9c86ada",
            "615bae24-32cc-4cb7-8ebc-8942cf0e0dff"
          ],
          "failures": [],
          "pending": [],
          "skipped": [],
          "duration": 1752,
          "root": false,
          "rootEmpty": false,
          "_timeout": 2000
        }
      ],
      "passes": [],
      "failures": [],
      "pending": [],
      "skipped": [],
      "duration": 0,
      "root": true,
      "rootEmpty": true,
      "_timeout": 2000
    },
    {
      "uuid": "0fc5ab6d-30a6-49a4-b55a-253984f2eb86",
      "title": "",
      "fullFile": "cypress/e2e/webdriver-uni/handle-drop-down.cy.js",
      "file": "cypress/e2e/webdriver-uni/handle-drop-down.cy.js",
      "beforeHooks": [],
      "afterHooks": [],
      "tests": [],
      "suites": [
        {
          "uuid": "e178fe73-cf5e-4e38-ac63-68cf46b0e590",
          "title": "Handle drop-down",
          "fullFile": "",
          "file": "",
          "beforeHooks": [],
          "afterHooks": [],
          "tests": [
            {
              "title": "Handle dropDown",
              "fullTitle": "Handle drop-down Handle dropDown",
              "timedOut": null,
              "duration": 1259,
              "state": "passed",
              "speed": "fast",
              "pass": true,
              "fail": false,
              "pending": false,
              "context": null,
              "code": "cy.visit(\"https://webdriveruniversity.com\");\ncy.get(\"#dropdown-checkboxes-radiobuttons\").invoke(\"removeAttr\", \"target\").click();\ncy.get(\"#dropdowm-menu-1\").select(\"c#\").should(\"have.value\", \"c#\");\ncy.get(\"#dropdowm-menu-2\").select(\"testng\").should(\"have.value\", \"testng\");\ncy.get(\"#dropdowm-menu-3\").select(\"javascript\").should(\"have.value\", \"javascript\");",
              "err": {},
              "uuid": "b0d2bb04-413c-4607-9e98-8fe50fbe3976",
              "parentUUID": "e178fe73-cf5e-4e38-ac63-68cf46b0e590",
              "isHook": false,
              "skipped": false
            }
          ],
          "suites": [],
          "passes": [
            "b0d2bb04-413c-4607-9e98-8fe50fbe3976"
          ],
          "failures": [],
          "pending": [],
          "skipped": [],
          "duration": 1259,
          "root": false,
          "rootEmpty": false,
          "_timeout": 2000
        }
      ],
      "passes": [],
      "failures": [],
      "pending": [],
      "skipped": [],
      "duration": 0,
      "root": true,
      "rootEmpty": true,
      "_timeout": 2000
    },
    {
      "uuid": "f7b121f1-c386-4b53-8026-4a89302be0ca",
      "title": "",
      "fullFile": "cypress/e2e/webdriver-uni/handle-iframe.cy.js",
      "file": "cypress/e2e/webdriver-uni/handle-iframe.cy.js",
      "beforeHooks": [],
      "afterHooks": [],
      "tests": [],
      "suites": [
        {
          "uuid": "6505ab8d-acb0-45ee-9aeb-177d5c48f8d1",
          "title": "Handle iFrame & Modal",
          "fullFile": "",
          "file": "",
          "beforeHooks": [],
          "afterHooks": [],
          "tests": [
            {
              "title": "Handle iFrame",
              "fullTitle": "Handle iFrame & Modal Handle iFrame",
              "timedOut": null,
              "duration": 1542,
              "state": "passed",
              "speed": "fast",
              "pass": true,
              "fail": false,
              "pending": false,
              "context": null,
              "code": "cy.visit(\"https://webdriveruniversity.com\");\ncy.get(\"#iframe\").invoke(\"removeAttr\", \"target\").click();\ncy.get(\"#frame\").then($iFrame => {\n  const body = $iFrame.contents().find(\"body\");\n  cy.wrap(body).as(\"iframe\");\n});\ncy.get(\"@iframe\").find(\"#button-find-out-more\").click();\ncy.get(\"@iframe\").find(\"#myModal\").as(\"modal\");\ncy.get(\"@modal\").contains(\"Welcome to webdriveruniversity.com we sell a wide range of electrical goods such as laptops, game consoles, cameras...\");\ncy.get(\"@modal\").should($expectedText => {\n  const text = $expectedText.text();\n  expect(text).to.include(\"Welcome to webdriveruniversity.com\");\n});\ncy.get(\"@modal\").contains(\"Close\").click();",
              "err": {},
              "uuid": "f58c6821-e341-46eb-892c-194d31cc50b0",
              "parentUUID": "6505ab8d-acb0-45ee-9aeb-177d5c48f8d1",
              "isHook": false,
              "skipped": false
            }
          ],
          "suites": [],
          "passes": [
            "f58c6821-e341-46eb-892c-194d31cc50b0"
          ],
          "failures": [],
          "pending": [],
          "skipped": [],
          "duration": 1542,
          "root": false,
          "rootEmpty": false,
          "_timeout": 2000
        }
      ],
      "passes": [],
      "failures": [],
      "pending": [],
      "skipped": [],
      "duration": 0,
      "root": true,
      "rootEmpty": true,
      "_timeout": 2000
    },
    {
      "uuid": "ed0124f7-3bb7-4bbe-96bf-d2034b94a4ad",
      "title": "",
      "fullFile": "cypress/e2e/webdriver-uni/handle-radio-buttons.cy.js",
      "file": "cypress/e2e/webdriver-uni/handle-radio-buttons.cy.js",
      "beforeHooks": [],
      "afterHooks": [],
      "tests": [],
      "suites": [
        {
          "uuid": "0fa24c30-83de-46e9-b901-8877fb788c10",
          "title": "Handle radioButtons",
          "fullFile": "",
          "file": "",
          "beforeHooks": [],
          "afterHooks": [],
          "tests": [
            {
              "title": "Handle radioButtons",
              "fullTitle": "Handle radioButtons Handle radioButtons",
              "timedOut": null,
              "duration": 919,
              "state": "passed",
              "speed": "fast",
              "pass": true,
              "fail": false,
              "pending": false,
              "context": null,
              "code": "cy.get(\"#radio-buttons\").find(\"[type='radio']\").last().check();\ncy.get(\"#radio-buttons\").find(\"[type='radio']\").eq(1).check();",
              "err": {},
              "uuid": "fee4e488-f30c-4fc9-912e-6a64ecf02a26",
              "parentUUID": "0fa24c30-83de-46e9-b901-8877fb788c10",
              "isHook": false,
              "skipped": false
            },
            {
              "title": "Handle state of radioButtons",
              "fullTitle": "Handle radioButtons Handle state of radioButtons",
              "timedOut": null,
              "duration": 22,
              "state": "passed",
              "speed": "fast",
              "pass": true,
              "fail": false,
              "pending": false,
              "context": null,
              "code": "//   cy.get(\"#radio-buttons-selected-disabled\").\ncy.get(\"[value = 'lettuce']\").should(\"not.be.checked\");\ncy.get(\"[value = 'cabbage']\").should(\"be.disabled\");\ncy.get(\"[value = 'pumpkin']\").should(\"be.checked\");",
              "err": {},
              "uuid": "9fd90ec3-bc32-4700-9933-c14132f976cc",
              "parentUUID": "0fa24c30-83de-46e9-b901-8877fb788c10",
              "isHook": false,
              "skipped": false
            }
          ],
          "suites": [],
          "passes": [
            "fee4e488-f30c-4fc9-912e-6a64ecf02a26",
            "9fd90ec3-bc32-4700-9933-c14132f976cc"
          ],
          "failures": [],
          "pending": [],
          "skipped": [],
          "duration": 941,
          "root": false,
          "rootEmpty": false,
          "_timeout": 2000
        }
      ],
      "passes": [],
      "failures": [],
      "pending": [],
      "skipped": [],
      "duration": 0,
      "root": true,
      "rootEmpty": true,
      "_timeout": 2000
    },
    {
      "uuid": "245308fb-e3d8-4490-b947-80bb32046416",
      "title": "",
      "fullFile": "cypress/e2e/webdriver-uni/hanlde-datePicker.cy.js",
      "file": "cypress/e2e/webdriver-uni/hanlde-datePicker.cy.js",
      "beforeHooks": [],
      "afterHooks": [],
      "tests": [],
      "suites": [
        {
          "uuid": "6a2f178d-477b-49f9-bb08-9669d32e72f8",
          "title": "Test Datepicker via webdriveruni",
          "fullFile": "",
          "file": "",
          "beforeHooks": [],
          "afterHooks": [],
          "tests": [
            {
              "title": "Select date from the datepicker",
              "fullTitle": "Test Datepicker via webdriveruni Select date from the datepicker",
              "timedOut": null,
              "duration": 769,
              "state": "passed",
              "speed": "fast",
              "pass": true,
              "fail": false,
              "pending": false,
              "context": null,
              "code": "cy.visit(\"http://www.webdriveruniversity.com\");\ncy.get(\"#datepicker\").invoke(\"removeAttr\", \"target\").click({\n  force: true\n}); // cy.get(\"#datepicker\").click();\n// // let date = new Date();\n// // date.setDate(date.getDate())\n// // cy.log(date.getDate()) //get current day i.e. 22\n// // let date2 = new Date();\n// // date2.setDate(date.getDate() + 5)\n// // cy.log(date2.getDate()) //get current day i.e. 22 + 5 = 27\n// var date = new Date();\n// date.setDate(date.getDate() + 1);\n// var futureYear = date.getFullYear();\n// var futureMonth = date.toLocaleString(\"default\", { month: \"long\" });\n// var futureDay = date.getDate();\n// cy.log(\"Future year to select: \" + futureYear);\n// cy.log(\"Future month to select: \" + futureMonth);\n// cy.log(\"Future day to select: \" + futureDay);\n// function selectMonthAndYear() {\n//   cy.get(\".datepicker-dropdown\")\n//     .find(\".datepicker-switch\")\n//     .first()\n//     .then((currentDate) => {\n//       if (!currentDate.text().includes(futureYear)) {\n//         cy.get(\".next\").first().click();\n//         selectMonthAndYear();\n//       }\n//     })\n//     .then(() => {\n//       cy.get(\".datepicker-dropdown\")\n//         .find(\".datepicker-switch\")\n//         .first()\n//         .then((currentDate) => {\n//           if (!currentDate.text().includes(futureMonth)) {\n//             cy.get(\".next\").first().click();\n//             selectMonthAndYear();\n//           }\n//         });\n//     });\n// }\n// function selectFutureDay() {\n//   cy.get('[class=\"day\"]').contains(futureDay).click();\n// }\n// selectMonthAndYear();\n// selectFutureDay();",
              "err": {},
              "uuid": "000cb30c-084f-4b5f-b498-64543863a460",
              "parentUUID": "6a2f178d-477b-49f9-bb08-9669d32e72f8",
              "isHook": false,
              "skipped": false
            }
          ],
          "suites": [],
          "passes": [
            "000cb30c-084f-4b5f-b498-64543863a460"
          ],
          "failures": [],
          "pending": [],
          "skipped": [],
          "duration": 769,
          "root": false,
          "rootEmpty": false,
          "_timeout": 2000
        }
      ],
      "passes": [],
      "failures": [],
      "pending": [],
      "skipped": [],
      "duration": 0,
      "root": true,
      "rootEmpty": true,
      "_timeout": 2000
    },
    {
      "uuid": "d5ccffb6-724c-44d3-8b90-07e321f3acf7",
      "title": "",
      "fullFile": "cypress/e2e/webdriver-uni/hanlde-table-data.cy.js",
      "file": "cypress/e2e/webdriver-uni/hanlde-table-data.cy.js",
      "beforeHooks": [],
      "afterHooks": [],
      "tests": [],
      "suites": [
        {
          "uuid": "a42d99f6-4404-4c48-a97c-82ed0b54db53",
          "title": "Handling data from WebdriverUni",
          "fullFile": "",
          "file": "",
          "beforeHooks": [],
          "afterHooks": [],
          "tests": [
            {
              "title": "Calculate total age of  users",
              "fullTitle": "Handling data from WebdriverUni Calculate total age of  users",
              "timedOut": null,
              "duration": 701,
              "state": "passed",
              "speed": "fast",
              "pass": true,
              "fail": false,
              "pending": false,
              "context": null,
              "code": "let userDetail = [];\ncy.get(\"#thumbnail-1 td\").each(($el, index, $list) => {\n  if (Number($el.text())) {\n    userDetail.push(Number($el.text()));\n  }\n}).then(() => {\n  const count = userDetail.reduce((acc, val) => {\n    return acc + val;\n  });\n  cy.log(`Total age count is : ${count}`);\n  expect(count).to.eq(322);\n});",
              "err": {},
              "uuid": "e710fdfc-ed6c-440c-b628-72cb037a573d",
              "parentUUID": "a42d99f6-4404-4c48-a97c-82ed0b54db53",
              "isHook": false,
              "skipped": false
            },
            {
              "title": "Calculate and assert user age based on last name",
              "fullTitle": "Handling data from WebdriverUni Calculate and assert user age based on last name",
              "timedOut": null,
              "duration": 264,
              "state": "passed",
              "speed": "fast",
              "pass": true,
              "fail": false,
              "pending": false,
              "context": null,
              "code": "cy.get(\"#thumbnail-1 tr td:nth-child(2)\").each(($el, index, $list) => {\n  const text = $el.text();\n  if (text.includes(\"Woods\")) {\n    cy.get($el.next);\n    cy.get(\"#thumbnail-1 tr td:nth-child(2)\").eq(index).next().then(age => {\n      const userAge = age.text();\n      expect(userAge).to.eq(\"80\");\n    }); // expect($el.next.text()).to.equal(80);\n  }\n});",
              "err": {},
              "uuid": "c572079b-44d3-4b6a-8a68-30ff897ddd6d",
              "parentUUID": "a42d99f6-4404-4c48-a97c-82ed0b54db53",
              "isHook": false,
              "skipped": false
            }
          ],
          "suites": [],
          "passes": [
            "e710fdfc-ed6c-440c-b628-72cb037a573d",
            "c572079b-44d3-4b6a-8a68-30ff897ddd6d"
          ],
          "failures": [],
          "pending": [],
          "skipped": [],
          "duration": 965,
          "root": false,
          "rootEmpty": false,
          "_timeout": 2000
        }
      ],
      "passes": [],
      "failures": [],
      "pending": [],
      "skipped": [],
      "duration": 0,
      "root": true,
      "rootEmpty": true,
      "_timeout": 2000
    },
    {
      "uuid": "176ccc23-abaa-4c1e-82b0-1a0480b0bd57",
      "title": "",
      "fullFile": "cypress/e2e/webdriver-uni/hooks.cy.js",
      "file": "cypress/e2e/webdriver-uni/hooks.cy.js",
      "beforeHooks": [],
      "afterHooks": [],
      "tests": [],
      "suites": [
        {
          "uuid": "bcb3e135-989d-43bd-8832-f8692a5c998e",
          "title": "Hooks",
          "fullFile": "",
          "file": "",
          "beforeHooks": [],
          "afterHooks": [],
          "tests": [
            {
              "title": "Test Example 1",
              "fullTitle": "Hooks Test Example 1",
              "timedOut": null,
              "duration": 72,
              "state": "passed",
              "speed": "fast",
              "pass": true,
              "fail": false,
              "pending": false,
              "context": null,
              "code": "cy.log(\"Example 1\");",
              "err": {},
              "uuid": "a1dd2ce2-56d7-4074-bdde-d126f86d3ec8",
              "parentUUID": "bcb3e135-989d-43bd-8832-f8692a5c998e",
              "isHook": false,
              "skipped": false
            },
            {
              "title": "Test Example 2",
              "fullTitle": "Hooks Test Example 2",
              "timedOut": null,
              "duration": 9,
              "state": "passed",
              "speed": "fast",
              "pass": true,
              "fail": false,
              "pending": false,
              "context": null,
              "code": "cy.log(\"Example 2\");",
              "err": {},
              "uuid": "1e677c3d-2759-494e-9487-c4d95425274e",
              "parentUUID": "bcb3e135-989d-43bd-8832-f8692a5c998e",
              "isHook": false,
              "skipped": false
            }
          ],
          "suites": [],
          "passes": [
            "a1dd2ce2-56d7-4074-bdde-d126f86d3ec8",
            "1e677c3d-2759-494e-9487-c4d95425274e"
          ],
          "failures": [],
          "pending": [],
          "skipped": [],
          "duration": 81,
          "root": false,
          "rootEmpty": false,
          "_timeout": 2000
        }
      ],
      "passes": [],
      "failures": [],
      "pending": [],
      "skipped": [],
      "duration": 0,
      "root": true,
      "rootEmpty": true,
      "_timeout": 2000
    },
    {
      "uuid": "0067478a-e769-458a-9864-0be17acf3a6b",
      "title": "",
      "fullFile": "cypress/e2e/webdriver-uni/mouse-actions.cy.js",
      "file": "cypress/e2e/webdriver-uni/mouse-actions.cy.js",
      "beforeHooks": [],
      "afterHooks": [],
      "tests": [],
      "suites": [
        {
          "uuid": "45195e73-c7bb-45cc-8f6d-137708796a08",
          "title": "Handle Mouse Actions",
          "fullFile": "",
          "file": "",
          "beforeHooks": [],
          "afterHooks": [],
          "tests": [
            {
              "title": "Mouse hold down test",
              "fullTitle": "Handle Mouse Actions Mouse hold down test",
              "timedOut": null,
              "duration": 1675,
              "state": "passed",
              "speed": "fast",
              "pass": true,
              "fail": false,
              "pending": false,
              "context": null,
              "code": "cy.visit(\"https://webdriveruniversity.com\");\ncy.get(\"#actions\").scrollIntoView().invoke(\"removeAttr\", \"target\").click();\ncy.get(\"#click-box\").should(\"have.css\", \"background-color\", \"rgb(0, 0, 0)\");\ncy.get(\"#click-box\").should(\"contain.text\", \"Click and Hold!\");\ncy.get(\"#click-box\").trigger(\"mousedown\").should(\"have.css\", \"background-color\", \"rgb(0, 255, 0)\").should(\"contain.text\", \"Well done! keep holding that click now.....\");\ncy.get(\"#click-box\").trigger(\"mouseup\").should(\"have.css\", \"background-color\", \"rgb(255, 99, 71)\").should(\"contain.text\", \"Dont release me!!!\");\ncy.get(\"#click-box\").trigger(\"mousedown\").should(\"have.css\", \"background-color\", \"rgb(0, 255, 0)\").should(\"contain.text\", \"Well done! keep holding that click now.....\");\ncy.get(\"#click-box\").trigger(\"mouseup\").then($el => {\n  expect($el).to.have.css(\"background-color\", \"rgb(255, 99, 71)\");\n  expect($el).to.have.text(\"Dont release me!!!\");\n}); //   .should(\"have.css\", \"background-color\", \"rgb(255, 99, 71)\")\n//   .should(\"contain.text\", \"Dont release me!!!\");",
              "err": {},
              "uuid": "bd2c1285-8638-4d4f-84d9-fbcaf41438e5",
              "parentUUID": "45195e73-c7bb-45cc-8f6d-137708796a08",
              "isHook": false,
              "skipped": false
            }
          ],
          "suites": [],
          "passes": [
            "bd2c1285-8638-4d4f-84d9-fbcaf41438e5"
          ],
          "failures": [],
          "pending": [],
          "skipped": [],
          "duration": 1675,
          "root": false,
          "rootEmpty": false,
          "_timeout": 2000
        }
      ],
      "passes": [],
      "failures": [],
      "pending": [],
      "skipped": [],
      "duration": 0,
      "root": true,
      "rootEmpty": true,
      "_timeout": 2000
    },
    {
      "uuid": "3bdea933-dac4-4fae-822a-c30f58ce08fb",
      "title": "",
      "fullFile": "cypress/e2e/webdriver-uni/traversing-elements.cy.js",
      "file": "cypress/e2e/webdriver-uni/traversing-elements.cy.js",
      "beforeHooks": [],
      "afterHooks": [],
      "tests": [],
      "suites": [
        {
          "uuid": "0ebe8583-d275-4e30-9dad-628538a13807",
          "title": "Traversing DOM elements in Cypress",
          "fullFile": "",
          "file": "",
          "beforeHooks": [],
          "afterHooks": [],
          "tests": [
            {
              "title": "siblings() To get all sibling DOM elements of elements",
              "fullTitle": "Traversing DOM elements in Cypress siblings() To get all sibling DOM elements of elements",
              "timedOut": null,
              "duration": 778,
              "state": "passed",
              "speed": "fast",
              "pass": true,
              "fail": false,
              "pending": false,
              "context": null,
              "code": "cy.get(\".traversal-button-other-states .active\").siblings().should(\"have.length\", 3);",
              "err": {},
              "uuid": "0a702858-3a68-4f1b-853c-8daed0d6d16c",
              "parentUUID": "0ebe8583-d275-4e30-9dad-628538a13807",
              "isHook": false,
              "skipped": false
            }
          ],
          "suites": [],
          "passes": [
            "0a702858-3a68-4f1b-853c-8daed0d6d16c"
          ],
          "failures": [],
          "pending": [],
          "skipped": [],
          "duration": 778,
          "root": false,
          "rootEmpty": false,
          "_timeout": 2000
        }
      ],
      "passes": [],
      "failures": [],
      "pending": [],
      "skipped": [],
      "duration": 0,
      "root": true,
      "rootEmpty": true,
      "_timeout": 2000
    }
  ],
  "meta": {
    "mocha": {
      "version": "7.0.1"
    },
    "mochawesome": {
      "options": {
        "quiet": false,
        "reportFilename": "mochawesome",
        "saveHtml": false,
        "saveJson": true,
        "consoleReporter": "spec",
        "useInlineDiffs": false,
        "code": true
      },
      "version": "7.1.3"
    },
    "marge": {
      "options": {
        "reportDir": "cypress/results",
        "overwrite": false,
        "html": false,
        "json": true
      },
      "version": "6.2.0"
    }
  }
}